{"D:\\project-code\\llm\\openpowers\\src\\cli\\index.ts": {"path":"D:\\project-code\\llm\\openpowers\\src\\cli\\index.ts","statementMap":{"0":{"start":{"line":16,"column":16},"end":{"line":16,"column":null}},"1":{"start":{"line":17,"column":12},"end":{"line":17,"column":null}},"2":{"start":{"line":19,"column":16},"end":{"line":19,"column":null}},"3":{"start":{"line":21,"column":0},"end":{"line":24,"column":null}},"4":{"start":{"line":26,"column":0},"end":{"line":26,"column":null}},"5":{"start":{"line":27,"column":0},"end":{"line":27,"column":null}},"6":{"start":{"line":28,"column":0},"end":{"line":28,"column":null}},"7":{"start":{"line":29,"column":0},"end":{"line":29,"column":null}},"8":{"start":{"line":30,"column":0},"end":{"line":30,"column":null}},"9":{"start":{"line":31,"column":0},"end":{"line":31,"column":null}}},"fnMap":{},"branchMap":{},"s":{"0":1,"1":1,"2":1,"3":1,"4":1,"5":1,"6":1,"7":1,"8":1,"9":1},"f":{},"b":{},"meta":{"lastBranch":0,"lastFunction":0,"lastStatement":10,"seen":{"s:16:16:16:Infinity":0,"s:17:12:17:Infinity":1,"s:19:16:19:Infinity":2,"s:21:0:24:Infinity":3,"s:26:0:26:Infinity":4,"s:27:0:27:Infinity":5,"s:28:0:28:Infinity":6,"s:29:0:29:Infinity":7,"s:30:0:30:Infinity":8,"s:31:0:31:Infinity":9}}}
,"D:\\project-code\\llm\\openpowers\\src\\client\\components\\AddProviderDialog.tsx": {"path":"D:\\project-code\\llm\\openpowers\\src\\client\\components\\AddProviderDialog.tsx","statementMap":{"0":{"start":{"line":39,"column":31},"end":{"line":49,"column":null}},"1":{"start":{"line":52,"column":122},"end":{"line":61,"column":null}},"2":{"start":{"line":68,"column":22},"end":{"line":68,"column":null}},"3":{"start":{"line":69,"column":34},"end":{"line":69,"column":null}},"4":{"start":{"line":70,"column":26},"end":{"line":70,"column":null}},"5":{"start":{"line":71,"column":34},"end":{"line":71,"column":null}},"6":{"start":{"line":72,"column":42},"end":{"line":72,"column":null}},"7":{"start":{"line":73,"column":8},"end":{"line":73,"column":null}},"8":{"start":{"line":76,"column":2},"end":{"line":83,"column":null}},"9":{"start":{"line":77,"column":4},"end":{"line":82,"column":null}},"10":{"start":{"line":78,"column":6},"end":{"line":78,"column":null}},"11":{"start":{"line":79,"column":6},"end":{"line":79,"column":null}},"12":{"start":{"line":80,"column":6},"end":{"line":80,"column":null}},"13":{"start":{"line":81,"column":6},"end":{"line":81,"column":null}},"14":{"start":{"line":86,"column":2},"end":{"line":95,"column":null}},"15":{"start":{"line":87,"column":4},"end":{"line":87,"column":null}},"16":{"start":{"line":87,"column":17},"end":{"line":87,"column":null}},"17":{"start":{"line":88,"column":26},"end":{"line":92,"column":null}},"18":{"start":{"line":89,"column":6},"end":{"line":91,"column":null}},"19":{"start":{"line":90,"column":8},"end":{"line":90,"column":null}},"20":{"start":{"line":93,"column":4},"end":{"line":93,"column":null}},"21":{"start":{"line":94,"column":4},"end":{"line":94,"column":null}},"22":{"start":{"line":94,"column":17},"end":{"line":94,"column":null}},"23":{"start":{"line":98,"column":2},"end":{"line":105,"column":null}},"24":{"start":{"line":99,"column":4},"end":{"line":101,"column":null}},"25":{"start":{"line":100,"column":6},"end":{"line":100,"column":null}},"26":{"start":{"line":102,"column":4},"end":{"line":104,"column":null}},"27":{"start":{"line":103,"column":6},"end":{"line":103,"column":null}},"28":{"start":{"line":107,"column":23},"end":{"line":117,"column":null}},"29":{"start":{"line":107,"column":52},"end":{"line":117,"column":null}},"30":{"start":{"line":108,"column":18},"end":{"line":108,"column":null}},"31":{"start":{"line":109,"column":4},"end":{"line":109,"column":null}},"32":{"start":{"line":109,"column":23},"end":{"line":109,"column":51}},"33":{"start":{"line":110,"column":4},"end":{"line":116,"column":null}},"34":{"start":{"line":111,"column":6},"end":{"line":115,"column":null}},"35":{"start":{"line":112,"column":21},"end":{"line":112,"column":null}},"36":{"start":{"line":113,"column":8},"end":{"line":113,"column":null}},"37":{"start":{"line":114,"column":8},"end":{"line":114,"column":null}},"38":{"start":{"line":119,"column":29},"end":{"line":136,"column":null}},"39":{"start":{"line":120,"column":4},"end":{"line":120,"column":null}},"40":{"start":{"line":121,"column":4},"end":{"line":134,"column":null}},"41":{"start":{"line":122,"column":6},"end":{"line":122,"column":null}},"42":{"start":{"line":124,"column":6},"end":{"line":133,"column":null}},"43":{"start":{"line":124,"column":25},"end":{"line":133,"column":8}},"44":{"start":{"line":135,"column":4},"end":{"line":135,"column":null}},"45":{"start":{"line":138,"column":19},"end":{"line":160,"column":null}},"46":{"start":{"line":139,"column":46},"end":{"line":139,"column":null}},"47":{"start":{"line":140,"column":4},"end":{"line":142,"column":null}},"48":{"start":{"line":141,"column":6},"end":{"line":141,"column":null}},"49":{"start":{"line":143,"column":4},"end":{"line":145,"column":null}},"50":{"start":{"line":144,"column":6},"end":{"line":144,"column":null}},"51":{"start":{"line":146,"column":4},"end":{"line":148,"column":null}},"52":{"start":{"line":147,"column":6},"end":{"line":147,"column":null}},"53":{"start":{"line":149,"column":4},"end":{"line":151,"column":null}},"54":{"start":{"line":150,"column":6},"end":{"line":150,"column":null}},"55":{"start":{"line":152,"column":4},"end":{"line":154,"column":null}},"56":{"start":{"line":153,"column":6},"end":{"line":153,"column":null}},"57":{"start":{"line":155,"column":4},"end":{"line":157,"column":null}},"58":{"start":{"line":156,"column":6},"end":{"line":156,"column":null}},"59":{"start":{"line":158,"column":4},"end":{"line":158,"column":null}},"60":{"start":{"line":159,"column":4},"end":{"line":159,"column":null}},"61":{"start":{"line":162,"column":23},"end":{"line":193,"column":null}},"62":{"start":{"line":163,"column":4},"end":{"line":163,"column":null}},"63":{"start":{"line":164,"column":4},"end":{"line":164,"column":null}},"64":{"start":{"line":164,"column":21},"end":{"line":164,"column":null}},"65":{"start":{"line":166,"column":4},"end":{"line":166,"column":null}},"66":{"start":{"line":167,"column":4},"end":{"line":192,"column":null}},"67":{"start":{"line":168,"column":23},"end":{"line":182,"column":null}},"68":{"start":{"line":183,"column":6},"end":{"line":185,"column":null}},"69":{"start":{"line":184,"column":8},"end":{"line":184,"column":null}},"70":{"start":{"line":186,"column":6},"end":{"line":186,"column":null}},"71":{"start":{"line":187,"column":6},"end":{"line":187,"column":null}},"72":{"start":{"line":189,"column":6},"end":{"line":189,"column":null}},"73":{"start":{"line":191,"column":6},"end":{"line":191,"column":null}},"74":{"start":{"line":195,"column":2},"end":{"line":195,"column":null}},"75":{"start":{"line":195,"column":15},"end":{"line":195,"column":null}},"76":{"start":{"line":198,"column":4},"end":{"line":198,"column":null}},"77":{"start":{"line":199,"column":21},"end":{"line":199,"column":null}},"78":{"start":{"line":201,"column":2},"end":{"line":438,"column":null}},"79":{"start":{"line":218,"column":44},"end":{"line":218,"column":null}},"80":{"start":{"line":244,"column":16},"end":{"line":271,"column":null}},"81":{"start":{"line":249,"column":35},"end":{"line":249,"column":null}},"82":{"start":{"line":263,"column":44},"end":{"line":263,"column":null}},"83":{"start":{"line":264,"column":22},"end":{"line":266,"column":null}},"84":{"start":{"line":265,"column":24},"end":{"line":265,"column":null}},"85":{"start":{"line":267,"column":22},"end":{"line":267,"column":null}},"86":{"start":{"line":331,"column":33},"end":{"line":331,"column":null}},"87":{"start":{"line":331,"column":57},"end":{"line":331,"column":62}}},"fnMap":{"0":{"name":"AddProviderDialog","decl":{"start":{"line":67,"column":16},"end":{"line":67,"column":34}},"loc":{"start":{"line":67,"column":117},"end":{"line":439,"column":null}},"line":67},"1":{"name":"(anonymous_1)","decl":{"start":{"line":76,"column":12},"end":{"line":76,"column":18}},"loc":{"start":{"line":76,"column":18},"end":{"line":83,"column":5}},"line":76},"2":{"name":"(anonymous_2)","decl":{"start":{"line":86,"column":12},"end":{"line":86,"column":18}},"loc":{"start":{"line":86,"column":18},"end":{"line":95,"column":5}},"line":86},"3":{"name":"(anonymous_3)","decl":{"start":{"line":88,"column":26},"end":{"line":88,"column":27}},"loc":{"start":{"line":88,"column":48},"end":{"line":92,"column":null}},"line":88},"4":{"name":"(anonymous_4)","decl":{"start":{"line":94,"column":11},"end":{"line":94,"column":17}},"loc":{"start":{"line":94,"column":17},"end":{"line":94,"column":null}},"line":94},"5":{"name":"(anonymous_5)","decl":{"start":{"line":98,"column":12},"end":{"line":98,"column":18}},"loc":{"start":{"line":98,"column":18},"end":{"line":105,"column":5}},"line":98},"6":{"name":"(anonymous_6)","decl":{"start":{"line":102,"column":11},"end":{"line":102,"column":17}},"loc":{"start":{"line":102,"column":17},"end":{"line":104,"column":null}},"line":102},"7":{"name":"(anonymous_7)","decl":{"start":{"line":107,"column":23},"end":{"line":107,"column":24}},"loc":{"start":{"line":107,"column":52},"end":{"line":117,"column":null}},"line":107},"8":{"name":"(anonymous_8)","decl":{"start":{"line":107,"column":52},"end":{"line":107,"column":53}},"loc":{"start":{"line":107,"column":118},"end":{"line":117,"column":null}},"line":107},"9":{"name":"(anonymous_9)","decl":{"start":{"line":109,"column":12},"end":{"line":109,"column":13}},"loc":{"start":{"line":109,"column":23},"end":{"line":109,"column":51}},"line":109},"10":{"name":"(anonymous_10)","decl":{"start":{"line":111,"column":16},"end":{"line":111,"column":17}},"loc":{"start":{"line":111,"column":26},"end":{"line":115,"column":7}},"line":111},"11":{"name":"(anonymous_11)","decl":{"start":{"line":119,"column":29},"end":{"line":119,"column":30}},"loc":{"start":{"line":119,"column":57},"end":{"line":136,"column":null}},"line":119},"12":{"name":"(anonymous_12)","decl":{"start":{"line":124,"column":14},"end":{"line":124,"column":15}},"loc":{"start":{"line":124,"column":25},"end":{"line":133,"column":8}},"line":124},"13":{"name":"(anonymous_13)","decl":{"start":{"line":138,"column":19},"end":{"line":138,"column":34}},"loc":{"start":{"line":138,"column":34},"end":{"line":160,"column":null}},"line":138},"14":{"name":"(anonymous_14)","decl":{"start":{"line":162,"column":23},"end":{"line":162,"column":30}},"loc":{"start":{"line":162,"column":53},"end":{"line":193,"column":null}},"line":162},"15":{"name":"(anonymous_15)","decl":{"start":{"line":218,"column":19},"end":{"line":218,"column":20}},"loc":{"start":{"line":218,"column":44},"end":{"line":218,"column":null}},"line":218},"16":{"name":"(anonymous_16)","decl":{"start":{"line":243,"column":43},"end":{"line":243,"column":44}},"loc":{"start":{"line":244,"column":16},"end":{"line":271,"column":null}},"line":244},"17":{"name":"(anonymous_17)","decl":{"start":{"line":249,"column":29},"end":{"line":249,"column":35}},"loc":{"start":{"line":249,"column":35},"end":{"line":249,"column":null}},"line":249},"18":{"name":"(anonymous_18)","decl":{"start":{"line":262,"column":21},"end":{"line":262,"column":27}},"loc":{"start":{"line":262,"column":27},"end":{"line":268,"column":23}},"line":262},"19":{"name":"(anonymous_19)","decl":{"start":{"line":331,"column":27},"end":{"line":331,"column":33}},"loc":{"start":{"line":331,"column":33},"end":{"line":331,"column":null}},"line":331},"20":{"name":"(anonymous_20)","decl":{"start":{"line":331,"column":47},"end":{"line":331,"column":48}},"loc":{"start":{"line":331,"column":57},"end":{"line":331,"column":62}},"line":331}},"branchMap":{"0":{"loc":{"start":{"line":77,"column":4},"end":{"line":82,"column":null}},"type":"if","locations":[{"start":{"line":77,"column":4},"end":{"line":82,"column":null}},{"start":{},"end":{}}],"line":77},"1":{"loc":{"start":{"line":87,"column":4},"end":{"line":87,"column":null}},"type":"if","locations":[{"start":{"line":87,"column":4},"end":{"line":87,"column":null}},{"start":{},"end":{}}],"line":87},"2":{"loc":{"start":{"line":89,"column":6},"end":{"line":91,"column":null}},"type":"if","locations":[{"start":{"line":89,"column":6},"end":{"line":91,"column":null}},{"start":{},"end":{}}],"line":89},"3":{"loc":{"start":{"line":99,"column":4},"end":{"line":101,"column":null}},"type":"if","locations":[{"start":{"line":99,"column":4},"end":{"line":101,"column":null}},{"start":{},"end":{}}],"line":99},"4":{"loc":{"start":{"line":110,"column":4},"end":{"line":116,"column":null}},"type":"if","locations":[{"start":{"line":110,"column":4},"end":{"line":116,"column":null}},{"start":{},"end":{}}],"line":110},"5":{"loc":{"start":{"line":121,"column":4},"end":{"line":134,"column":null}},"type":"if","locations":[{"start":{"line":121,"column":4},"end":{"line":134,"column":null}},{"start":{"line":123,"column":11},"end":{"line":134,"column":null}}],"line":121},"6":{"loc":{"start":{"line":128,"column":20},"end":{"line":128,"column":null}},"type":"binary-expr","locations":[{"start":{"line":128,"column":20},"end":{"line":128,"column":41}},{"start":{"line":128,"column":41},"end":{"line":128,"column":null}}],"line":128},"7":{"loc":{"start":{"line":129,"column":22},"end":{"line":129,"column":null}},"type":"binary-expr","locations":[{"start":{"line":129,"column":22},"end":{"line":129,"column":45}},{"start":{"line":129,"column":45},"end":{"line":129,"column":null}}],"line":129},"8":{"loc":{"start":{"line":130,"column":21},"end":{"line":130,"column":null}},"type":"binary-expr","locations":[{"start":{"line":130,"column":21},"end":{"line":130,"column":43}},{"start":{"line":130,"column":43},"end":{"line":130,"column":null}}],"line":130},"9":{"loc":{"start":{"line":131,"column":19},"end":{"line":131,"column":null}},"type":"binary-expr","locations":[{"start":{"line":131,"column":19},"end":{"line":131,"column":39}},{"start":{"line":131,"column":39},"end":{"line":131,"column":null}}],"line":131},"10":{"loc":{"start":{"line":132,"column":20},"end":{"line":132,"column":null}},"type":"binary-expr","locations":[{"start":{"line":132,"column":20},"end":{"line":132,"column":41}},{"start":{"line":132,"column":41},"end":{"line":132,"column":null}}],"line":132},"11":{"loc":{"start":{"line":140,"column":4},"end":{"line":142,"column":null}},"type":"if","locations":[{"start":{"line":140,"column":4},"end":{"line":142,"column":null}},{"start":{},"end":{}}],"line":140},"12":{"loc":{"start":{"line":143,"column":4},"end":{"line":145,"column":null}},"type":"if","locations":[{"start":{"line":143,"column":4},"end":{"line":145,"column":null}},{"start":{},"end":{}}],"line":143},"13":{"loc":{"start":{"line":146,"column":4},"end":{"line":148,"column":null}},"type":"if","locations":[{"start":{"line":146,"column":4},"end":{"line":148,"column":null}},{"start":{},"end":{}}],"line":146},"14":{"loc":{"start":{"line":149,"column":4},"end":{"line":151,"column":null}},"type":"if","locations":[{"start":{"line":149,"column":4},"end":{"line":151,"column":null}},{"start":{},"end":{}}],"line":149},"15":{"loc":{"start":{"line":152,"column":4},"end":{"line":154,"column":null}},"type":"if","locations":[{"start":{"line":152,"column":4},"end":{"line":154,"column":null}},{"start":{},"end":{}}],"line":152},"16":{"loc":{"start":{"line":155,"column":4},"end":{"line":157,"column":null}},"type":"if","locations":[{"start":{"line":155,"column":4},"end":{"line":157,"column":null}},{"start":{},"end":{}}],"line":155},"17":{"loc":{"start":{"line":164,"column":4},"end":{"line":164,"column":null}},"type":"if","locations":[{"start":{"line":164,"column":4},"end":{"line":164,"column":null}},{"start":{},"end":{}}],"line":164},"18":{"loc":{"start":{"line":178,"column":17},"end":{"line":178,"column":null}},"type":"binary-expr","locations":[{"start":{"line":178,"column":17},"end":{"line":178,"column":38}},{"start":{"line":178,"column":38},"end":{"line":178,"column":null}}],"line":178},"19":{"loc":{"start":{"line":179,"column":22},"end":{"line":179,"column":null}},"type":"binary-expr","locations":[{"start":{"line":179,"column":22},"end":{"line":179,"column":48}},{"start":{"line":179,"column":48},"end":{"line":179,"column":null}}],"line":179},"20":{"loc":{"start":{"line":180,"column":19},"end":{"line":180,"column":null}},"type":"binary-expr","locations":[{"start":{"line":180,"column":19},"end":{"line":180,"column":42}},{"start":{"line":180,"column":42},"end":{"line":180,"column":null}}],"line":180},"21":{"loc":{"start":{"line":183,"column":6},"end":{"line":185,"column":null}},"type":"if","locations":[{"start":{"line":183,"column":6},"end":{"line":185,"column":null}},{"start":{},"end":{}}],"line":183},"22":{"loc":{"start":{"line":189,"column":46},"end":{"line":189,"column":94}},"type":"cond-expr","locations":[{"start":{"line":189,"column":69},"end":{"line":189,"column":83}},{"start":{"line":189,"column":83},"end":{"line":189,"column":94}}],"line":189},"23":{"loc":{"start":{"line":195,"column":2},"end":{"line":195,"column":null}},"type":"if","locations":[{"start":{"line":195,"column":2},"end":{"line":195,"column":null}},{"start":{},"end":{}}],"line":195},"24":{"loc":{"start":{"line":251,"column":22},"end":{"line":253,"column":null}},"type":"cond-expr","locations":[{"start":{"line":252,"column":26},"end":{"line":252,"column":null}},{"start":{"line":253,"column":26},"end":{"line":253,"column":null}}],"line":251},"25":{"loc":{"start":{"line":264,"column":22},"end":{"line":266,"column":null}},"type":"if","locations":[{"start":{"line":264,"column":22},"end":{"line":266,"column":null}},{"start":{},"end":{}}],"line":264},"26":{"loc":{"start":{"line":285,"column":42},"end":{"line":285,"column":81}},"type":"cond-expr","locations":[{"start":{"line":285,"column":56},"end":{"line":285,"column":79}},{"start":{"line":285,"column":79},"end":{"line":285,"column":81}}],"line":285},"27":{"loc":{"start":{"line":288,"column":12},"end":{"line":288,"column":null}},"type":"binary-expr","locations":[{"start":{"line":288,"column":12},"end":{"line":288,"column":27}},{"start":{"line":288,"column":27},"end":{"line":288,"column":null}}],"line":288},"28":{"loc":{"start":{"line":320,"column":22},"end":{"line":320,"column":null}},"type":"cond-expr","locations":[{"start":{"line":320,"column":35},"end":{"line":320,"column":44}},{"start":{"line":320,"column":44},"end":{"line":320,"column":null}}],"line":320},"29":{"loc":{"start":{"line":324,"column":50},"end":{"line":324,"column":91}},"type":"cond-expr","locations":[{"start":{"line":324,"column":66},"end":{"line":324,"column":89}},{"start":{"line":324,"column":89},"end":{"line":324,"column":91}}],"line":324},"30":{"loc":{"start":{"line":334,"column":32},"end":{"line":334,"column":null}},"type":"cond-expr","locations":[{"start":{"line":334,"column":45},"end":{"line":334,"column":62}},{"start":{"line":334,"column":62},"end":{"line":334,"column":null}}],"line":334},"31":{"loc":{"start":{"line":336,"column":36},"end":{"line":336,"column":63}},"type":"cond-expr","locations":[{"start":{"line":336,"column":49},"end":{"line":336,"column":58}},{"start":{"line":336,"column":58},"end":{"line":336,"column":63}}],"line":336},"32":{"loc":{"start":{"line":339,"column":12},"end":{"line":339,"column":null}},"type":"binary-expr","locations":[{"start":{"line":339,"column":12},"end":{"line":339,"column":29}},{"start":{"line":339,"column":29},"end":{"line":339,"column":null}}],"line":339},"33":{"loc":{"start":{"line":361,"column":42},"end":{"line":361,"column":89}},"type":"cond-expr","locations":[{"start":{"line":361,"column":64},"end":{"line":361,"column":87}},{"start":{"line":361,"column":87},"end":{"line":361,"column":89}}],"line":361},"34":{"loc":{"start":{"line":364,"column":12},"end":{"line":364,"column":null}},"type":"binary-expr","locations":[{"start":{"line":364,"column":12},"end":{"line":364,"column":35}},{"start":{"line":364,"column":35},"end":{"line":364,"column":null}}],"line":364},"35":{"loc":{"start":{"line":375,"column":42},"end":{"line":375,"column":88}},"type":"cond-expr","locations":[{"start":{"line":375,"column":63},"end":{"line":375,"column":86}},{"start":{"line":375,"column":86},"end":{"line":375,"column":88}}],"line":375},"36":{"loc":{"start":{"line":378,"column":12},"end":{"line":378,"column":null}},"type":"binary-expr","locations":[{"start":{"line":378,"column":12},"end":{"line":378,"column":34}},{"start":{"line":378,"column":34},"end":{"line":378,"column":null}}],"line":378},"37":{"loc":{"start":{"line":389,"column":42},"end":{"line":389,"column":86}},"type":"cond-expr","locations":[{"start":{"line":389,"column":61},"end":{"line":389,"column":84}},{"start":{"line":389,"column":84},"end":{"line":389,"column":86}}],"line":389},"38":{"loc":{"start":{"line":392,"column":12},"end":{"line":392,"column":null}},"type":"binary-expr","locations":[{"start":{"line":392,"column":12},"end":{"line":392,"column":32}},{"start":{"line":392,"column":32},"end":{"line":392,"column":null}}],"line":392},"39":{"loc":{"start":{"line":403,"column":42},"end":{"line":403,"column":87}},"type":"cond-expr","locations":[{"start":{"line":403,"column":62},"end":{"line":403,"column":85}},{"start":{"line":403,"column":85},"end":{"line":403,"column":87}}],"line":403},"40":{"loc":{"start":{"line":406,"column":12},"end":{"line":406,"column":null}},"type":"binary-expr","locations":[{"start":{"line":406,"column":12},"end":{"line":406,"column":33}},{"start":{"line":406,"column":33},"end":{"line":406,"column":null}}],"line":406},"41":{"loc":{"start":{"line":431,"column":14},"end":{"line":431,"column":null}},"type":"cond-expr","locations":[{"start":{"line":431,"column":27},"end":{"line":431,"column":41}},{"start":{"line":431,"column":41},"end":{"line":431,"column":null}}],"line":431}},"s":{"0":1,"1":1,"2":138,"3":138,"4":138,"5":138,"6":138,"7":138,"8":138,"9":12,"10":11,"11":11,"12":11,"13":11,"14":138,"15":12,"16":1,"17":11,"18":111,"19":0,"20":11,"21":11,"22":11,"23":138,"24":12,"25":11,"26":12,"27":12,"28":138,"29":1233,"30":111,"31":111,"32":111,"33":111,"34":0,"35":0,"36":0,"37":0,"38":138,"39":1,"40":1,"41":0,"42":1,"43":1,"44":1,"45":138,"46":2,"47":2,"48":1,"49":2,"50":1,"51":2,"52":1,"53":2,"54":1,"55":2,"56":1,"57":2,"58":1,"59":2,"60":2,"61":138,"62":2,"63":2,"64":1,"65":1,"66":1,"67":1,"68":1,"69":0,"70":1,"71":1,"72":0,"73":1,"74":138,"75":1,"76":137,"77":137,"78":137,"79":11,"80":6439,"81":1,"82":6439,"83":6439,"84":6439,"85":0,"86":0,"87":0},"f":{"0":138,"1":12,"2":12,"3":111,"4":11,"5":12,"6":12,"7":1233,"8":111,"9":111,"10":0,"11":1,"12":1,"13":2,"14":2,"15":11,"16":6439,"17":1,"18":6439,"19":0,"20":0},"b":{"0":[11,1],"1":[1,11],"2":[0,111],"3":[11,1],"4":[0,111],"5":[0,1],"6":[1,0],"7":[1,0],"8":[1,0],"9":[1,0],"10":[1,0],"11":[1,1],"12":[1,1],"13":[1,1],"14":[1,1],"15":[1,1],"16":[1,1],"17":[1,1],"18":[1,1],"19":[2,1],"20":[2,0],"21":[0,1],"22":[0,0],"23":[1,137],"24":[1,6438],"25":[6439,0],"26":[1,136],"27":[138,1],"28":[0,137],"29":[1,136],"30":[0,137],"31":[0,137],"32":[138,1],"33":[1,136],"34":[138,1],"35":[1,136],"36":[138,1],"37":[1,136],"38":[138,1],"39":[1,136],"40":[138,1],"41":[1,136]},"meta":{"lastBranch":42,"lastFunction":21,"lastStatement":88,"seen":{"s:39:31:49:Infinity":0,"s:52:122:61:Infinity":1,"f:67:16:67:34":0,"s:68:22:68:Infinity":2,"s:69:34:69:Infinity":3,"s:70:26:70:Infinity":4,"s:71:34:71:Infinity":5,"s:72:42:72:Infinity":6,"s:73:8:73:Infinity":7,"s:76:2:83:Infinity":8,"f:76:12:76:18":1,"b:77:4:82:Infinity:undefined:undefined:undefined:undefined":0,"s:77:4:82:Infinity":9,"s:78:6:78:Infinity":10,"s:79:6:79:Infinity":11,"s:80:6:80:Infinity":12,"s:81:6:81:Infinity":13,"s:86:2:95:Infinity":14,"f:86:12:86:18":2,"b:87:4:87:Infinity:undefined:undefined:undefined:undefined":1,"s:87:4:87:Infinity":15,"s:87:17:87:Infinity":16,"s:88:26:92:Infinity":17,"f:88:26:88:27":3,"b:89:6:91:Infinity:undefined:undefined:undefined:undefined":2,"s:89:6:91:Infinity":18,"s:90:8:90:Infinity":19,"s:93:4:93:Infinity":20,"s:94:4:94:Infinity":21,"f:94:11:94:17":4,"s:94:17:94:Infinity":22,"s:98:2:105:Infinity":23,"f:98:12:98:18":5,"b:99:4:101:Infinity:undefined:undefined:undefined:undefined":3,"s:99:4:101:Infinity":24,"s:100:6:100:Infinity":25,"s:102:4:104:Infinity":26,"f:102:11:102:17":6,"s:103:6:103:Infinity":27,"s:107:23:117:Infinity":28,"f:107:23:107:24":7,"s:107:52:117:Infinity":29,"f:107:52:107:53":8,"s:108:18:108:Infinity":30,"s:109:4:109:Infinity":31,"f:109:12:109:13":9,"s:109:23:109:51":32,"b:110:4:116:Infinity:undefined:undefined:undefined:undefined":4,"s:110:4:116:Infinity":33,"s:111:6:115:Infinity":34,"f:111:16:111:17":10,"s:112:21:112:Infinity":35,"s:113:8:113:Infinity":36,"s:114:8:114:Infinity":37,"s:119:29:136:Infinity":38,"f:119:29:119:30":11,"s:120:4:120:Infinity":39,"b:121:4:134:Infinity:123:11:134:Infinity":5,"s:121:4:134:Infinity":40,"s:122:6:122:Infinity":41,"s:124:6:133:Infinity":42,"f:124:14:124:15":12,"s:124:25:133:8":43,"b:128:20:128:41:128:41:128:Infinity":6,"b:129:22:129:45:129:45:129:Infinity":7,"b:130:21:130:43:130:43:130:Infinity":8,"b:131:19:131:39:131:39:131:Infinity":9,"b:132:20:132:41:132:41:132:Infinity":10,"s:135:4:135:Infinity":44,"s:138:19:160:Infinity":45,"f:138:19:138:34":13,"s:139:46:139:Infinity":46,"b:140:4:142:Infinity:undefined:undefined:undefined:undefined":11,"s:140:4:142:Infinity":47,"s:141:6:141:Infinity":48,"b:143:4:145:Infinity:undefined:undefined:undefined:undefined":12,"s:143:4:145:Infinity":49,"s:144:6:144:Infinity":50,"b:146:4:148:Infinity:undefined:undefined:undefined:undefined":13,"s:146:4:148:Infinity":51,"s:147:6:147:Infinity":52,"b:149:4:151:Infinity:undefined:undefined:undefined:undefined":14,"s:149:4:151:Infinity":53,"s:150:6:150:Infinity":54,"b:152:4:154:Infinity:undefined:undefined:undefined:undefined":15,"s:152:4:154:Infinity":55,"s:153:6:153:Infinity":56,"b:155:4:157:Infinity:undefined:undefined:undefined:undefined":16,"s:155:4:157:Infinity":57,"s:156:6:156:Infinity":58,"s:158:4:158:Infinity":59,"s:159:4:159:Infinity":60,"s:162:23:193:Infinity":61,"f:162:23:162:30":14,"s:163:4:163:Infinity":62,"b:164:4:164:Infinity:undefined:undefined:undefined:undefined":17,"s:164:4:164:Infinity":63,"s:164:21:164:Infinity":64,"s:166:4:166:Infinity":65,"s:167:4:192:Infinity":66,"s:168:23:182:Infinity":67,"b:178:17:178:38:178:38:178:Infinity":18,"b:179:22:179:48:179:48:179:Infinity":19,"b:180:19:180:42:180:42:180:Infinity":20,"b:183:6:185:Infinity:undefined:undefined:undefined:undefined":21,"s:183:6:185:Infinity":68,"s:184:8:184:Infinity":69,"s:186:6:186:Infinity":70,"s:187:6:187:Infinity":71,"s:189:6:189:Infinity":72,"b:189:69:189:83:189:83:189:94":22,"s:191:6:191:Infinity":73,"b:195:2:195:Infinity:undefined:undefined:undefined:undefined":23,"s:195:2:195:Infinity":74,"s:195:15:195:Infinity":75,"s:198:4:198:Infinity":76,"s:199:21:199:Infinity":77,"s:201:2:438:Infinity":78,"f:218:19:218:20":15,"s:218:44:218:Infinity":79,"f:243:43:243:44":16,"s:244:16:271:Infinity":80,"f:249:29:249:35":17,"s:249:35:249:Infinity":81,"b:252:26:252:Infinity:253:26:253:Infinity":24,"f:262:21:262:27":18,"s:263:44:263:Infinity":82,"b:264:22:266:Infinity:undefined:undefined:undefined:undefined":25,"s:264:22:266:Infinity":83,"s:265:24:265:Infinity":84,"s:267:22:267:Infinity":85,"b:285:56:285:79:285:79:285:81":26,"b:288:12:288:27:288:27:288:Infinity":27,"b:320:35:320:44:320:44:320:Infinity":28,"b:324:66:324:89:324:89:324:91":29,"f:331:27:331:33":19,"s:331:33:331:Infinity":86,"f:331:47:331:48":20,"s:331:57:331:62":87,"b:334:45:334:62:334:62:334:Infinity":30,"b:336:49:336:58:336:58:336:63":31,"b:339:12:339:29:339:29:339:Infinity":32,"b:361:64:361:87:361:87:361:89":33,"b:364:12:364:35:364:35:364:Infinity":34,"b:375:63:375:86:375:86:375:88":35,"b:378:12:378:34:378:34:378:Infinity":36,"b:389:61:389:84:389:84:389:86":37,"b:392:12:392:32:392:32:392:Infinity":38,"b:403:62:403:85:403:85:403:87":39,"b:406:12:406:33:406:33:406:Infinity":40,"b:431:27:431:41:431:41:431:Infinity":41}}}
,"D:\\project-code\\llm\\openpowers\\src\\client\\components\\DeleteConfirmDialog.tsx": {"path":"D:\\project-code\\llm\\openpowers\\src\\client\\components\\DeleteConfirmDialog.tsx","statementMap":{"0":{"start":{"line":29,"column":30},"end":{"line":29,"column":null}},"1":{"start":{"line":32,"column":2},"end":{"line":41,"column":null}},"2":{"start":{"line":33,"column":4},"end":{"line":33,"column":null}},"3":{"start":{"line":33,"column":17},"end":{"line":33,"column":null}},"4":{"start":{"line":34,"column":26},"end":{"line":38,"column":null}},"5":{"start":{"line":35,"column":6},"end":{"line":37,"column":null}},"6":{"start":{"line":36,"column":8},"end":{"line":36,"column":null}},"7":{"start":{"line":39,"column":4},"end":{"line":39,"column":null}},"8":{"start":{"line":40,"column":4},"end":{"line":40,"column":null}},"9":{"start":{"line":40,"column":17},"end":{"line":40,"column":null}},"10":{"start":{"line":44,"column":2},"end":{"line":51,"column":null}},"11":{"start":{"line":45,"column":4},"end":{"line":47,"column":null}},"12":{"start":{"line":46,"column":6},"end":{"line":46,"column":null}},"13":{"start":{"line":48,"column":4},"end":{"line":50,"column":null}},"14":{"start":{"line":49,"column":6},"end":{"line":49,"column":null}},"15":{"start":{"line":53,"column":24},"end":{"line":71,"column":null}},"16":{"start":{"line":54,"column":4},"end":{"line":54,"column":null}},"17":{"start":{"line":54,"column":19},"end":{"line":54,"column":null}},"18":{"start":{"line":56,"column":4},"end":{"line":56,"column":null}},"19":{"start":{"line":57,"column":4},"end":{"line":70,"column":null}},"20":{"start":{"line":58,"column":23},"end":{"line":60,"column":null}},"21":{"start":{"line":61,"column":6},"end":{"line":63,"column":null}},"22":{"start":{"line":62,"column":8},"end":{"line":62,"column":null}},"23":{"start":{"line":64,"column":6},"end":{"line":64,"column":null}},"24":{"start":{"line":65,"column":6},"end":{"line":65,"column":null}},"25":{"start":{"line":67,"column":6},"end":{"line":67,"column":null}},"26":{"start":{"line":69,"column":6},"end":{"line":69,"column":null}},"27":{"start":{"line":73,"column":2},"end":{"line":73,"column":null}},"28":{"start":{"line":73,"column":28},"end":{"line":73,"column":null}},"29":{"start":{"line":75,"column":2},"end":{"line":149,"column":null}},"30":{"start":{"line":92,"column":44},"end":{"line":92,"column":null}}},"fnMap":{"0":{"name":"DeleteConfirmDialog","decl":{"start":{"line":28,"column":16},"end":{"line":28,"column":36}},"loc":{"start":{"line":28,"column":131},"end":{"line":150,"column":null}},"line":28},"1":{"name":"(anonymous_1)","decl":{"start":{"line":32,"column":12},"end":{"line":32,"column":18}},"loc":{"start":{"line":32,"column":18},"end":{"line":41,"column":5}},"line":32},"2":{"name":"(anonymous_2)","decl":{"start":{"line":34,"column":26},"end":{"line":34,"column":27}},"loc":{"start":{"line":34,"column":48},"end":{"line":38,"column":null}},"line":34},"3":{"name":"(anonymous_3)","decl":{"start":{"line":40,"column":11},"end":{"line":40,"column":17}},"loc":{"start":{"line":40,"column":17},"end":{"line":40,"column":null}},"line":40},"4":{"name":"(anonymous_4)","decl":{"start":{"line":44,"column":12},"end":{"line":44,"column":18}},"loc":{"start":{"line":44,"column":18},"end":{"line":51,"column":5}},"line":44},"5":{"name":"(anonymous_5)","decl":{"start":{"line":48,"column":11},"end":{"line":48,"column":17}},"loc":{"start":{"line":48,"column":17},"end":{"line":50,"column":null}},"line":48},"6":{"name":"(anonymous_6)","decl":{"start":{"line":53,"column":24},"end":{"line":53,"column":36}},"loc":{"start":{"line":53,"column":36},"end":{"line":71,"column":null}},"line":53},"7":{"name":"(anonymous_7)","decl":{"start":{"line":92,"column":19},"end":{"line":92,"column":20}},"loc":{"start":{"line":92,"column":44},"end":{"line":92,"column":null}},"line":92}},"branchMap":{"0":{"loc":{"start":{"line":33,"column":4},"end":{"line":33,"column":null}},"type":"if","locations":[{"start":{"line":33,"column":4},"end":{"line":33,"column":null}},{"start":{},"end":{}}],"line":33},"1":{"loc":{"start":{"line":35,"column":6},"end":{"line":37,"column":null}},"type":"if","locations":[{"start":{"line":35,"column":6},"end":{"line":37,"column":null}},{"start":{},"end":{}}],"line":35},"2":{"loc":{"start":{"line":45,"column":4},"end":{"line":47,"column":null}},"type":"if","locations":[{"start":{"line":45,"column":4},"end":{"line":47,"column":null}},{"start":{},"end":{}}],"line":45},"3":{"loc":{"start":{"line":54,"column":4},"end":{"line":54,"column":null}},"type":"if","locations":[{"start":{"line":54,"column":4},"end":{"line":54,"column":null}},{"start":{},"end":{}}],"line":54},"4":{"loc":{"start":{"line":61,"column":6},"end":{"line":63,"column":null}},"type":"if","locations":[{"start":{"line":61,"column":6},"end":{"line":63,"column":null}},{"start":{},"end":{}}],"line":61},"5":{"loc":{"start":{"line":67,"column":49},"end":{"line":67,"column":97}},"type":"cond-expr","locations":[{"start":{"line":67,"column":72},"end":{"line":67,"column":86}},{"start":{"line":67,"column":86},"end":{"line":67,"column":97}}],"line":67},"6":{"loc":{"start":{"line":73,"column":2},"end":{"line":73,"column":null}},"type":"if","locations":[{"start":{"line":73,"column":2},"end":{"line":73,"column":null}},{"start":{},"end":{}}],"line":73},"7":{"loc":{"start":{"line":73,"column":6},"end":{"line":73,"column":28}},"type":"binary-expr","locations":[{"start":{"line":73,"column":6},"end":{"line":73,"column":17}},{"start":{"line":73,"column":17},"end":{"line":73,"column":28}}],"line":73},"8":{"loc":{"start":{"line":142,"column":14},"end":{"line":142,"column":null}},"type":"cond-expr","locations":[{"start":{"line":142,"column":25},"end":{"line":142,"column":41}},{"start":{"line":142,"column":41},"end":{"line":142,"column":null}}],"line":142}},"s":{"0":8,"1":8,"2":6,"3":1,"4":5,"5":0,"6":0,"7":5,"8":5,"9":5,"10":8,"11":6,"12":5,"13":6,"14":6,"15":8,"16":1,"17":0,"18":1,"19":1,"20":1,"21":1,"22":0,"23":1,"24":1,"25":0,"26":1,"27":8,"28":1,"29":7,"30":2},"f":{"0":8,"1":6,"2":0,"3":5,"4":6,"5":6,"6":1,"7":2},"b":{"0":[1,5],"1":[0,0],"2":[5,1],"3":[0,1],"4":[0,1],"5":[0,0],"6":[1,7],"7":[8,7],"8":[1,6]},"meta":{"lastBranch":9,"lastFunction":8,"lastStatement":31,"seen":{"f:28:16:28:36":0,"s:29:30:29:Infinity":0,"s:32:2:41:Infinity":1,"f:32:12:32:18":1,"b:33:4:33:Infinity:undefined:undefined:undefined:undefined":0,"s:33:4:33:Infinity":2,"s:33:17:33:Infinity":3,"s:34:26:38:Infinity":4,"f:34:26:34:27":2,"b:35:6:37:Infinity:undefined:undefined:undefined:undefined":1,"s:35:6:37:Infinity":5,"s:36:8:36:Infinity":6,"s:39:4:39:Infinity":7,"s:40:4:40:Infinity":8,"f:40:11:40:17":3,"s:40:17:40:Infinity":9,"s:44:2:51:Infinity":10,"f:44:12:44:18":4,"b:45:4:47:Infinity:undefined:undefined:undefined:undefined":2,"s:45:4:47:Infinity":11,"s:46:6:46:Infinity":12,"s:48:4:50:Infinity":13,"f:48:11:48:17":5,"s:49:6:49:Infinity":14,"s:53:24:71:Infinity":15,"f:53:24:53:36":6,"b:54:4:54:Infinity:undefined:undefined:undefined:undefined":3,"s:54:4:54:Infinity":16,"s:54:19:54:Infinity":17,"s:56:4:56:Infinity":18,"s:57:4:70:Infinity":19,"s:58:23:60:Infinity":20,"b:61:6:63:Infinity:undefined:undefined:undefined:undefined":4,"s:61:6:63:Infinity":21,"s:62:8:62:Infinity":22,"s:64:6:64:Infinity":23,"s:65:6:65:Infinity":24,"s:67:6:67:Infinity":25,"b:67:72:67:86:67:86:67:97":5,"s:69:6:69:Infinity":26,"b:73:2:73:Infinity:undefined:undefined:undefined:undefined":6,"s:73:2:73:Infinity":27,"b:73:6:73:17:73:17:73:28":7,"s:73:28:73:Infinity":28,"s:75:2:149:Infinity":29,"f:92:19:92:20":7,"s:92:44:92:Infinity":30,"b:142:25:142:41:142:41:142:Infinity":8}}}
,"D:\\project-code\\llm\\openpowers\\src\\client\\components\\EditProviderDialog.tsx": {"path":"D:\\project-code\\llm\\openpowers\\src\\client\\components\\EditProviderDialog.tsx","statementMap":{"0":{"start":{"line":42,"column":22},"end":{"line":52,"column":null}},"1":{"start":{"line":53,"column":34},"end":{"line":53,"column":null}},"2":{"start":{"line":54,"column":26},"end":{"line":54,"column":null}},"3":{"start":{"line":55,"column":34},"end":{"line":55,"column":null}},"4":{"start":{"line":58,"column":2},"end":{"line":74,"column":null}},"5":{"start":{"line":59,"column":4},"end":{"line":73,"column":null}},"6":{"start":{"line":60,"column":6},"end":{"line":70,"column":null}},"7":{"start":{"line":71,"column":6},"end":{"line":71,"column":null}},"8":{"start":{"line":72,"column":6},"end":{"line":72,"column":null}},"9":{"start":{"line":77,"column":2},"end":{"line":86,"column":null}},"10":{"start":{"line":78,"column":4},"end":{"line":78,"column":null}},"11":{"start":{"line":78,"column":17},"end":{"line":78,"column":null}},"12":{"start":{"line":79,"column":26},"end":{"line":83,"column":null}},"13":{"start":{"line":80,"column":6},"end":{"line":82,"column":null}},"14":{"start":{"line":81,"column":8},"end":{"line":81,"column":null}},"15":{"start":{"line":84,"column":4},"end":{"line":84,"column":null}},"16":{"start":{"line":85,"column":4},"end":{"line":85,"column":null}},"17":{"start":{"line":85,"column":17},"end":{"line":85,"column":null}},"18":{"start":{"line":89,"column":2},"end":{"line":96,"column":null}},"19":{"start":{"line":90,"column":4},"end":{"line":92,"column":null}},"20":{"start":{"line":91,"column":6},"end":{"line":91,"column":null}},"21":{"start":{"line":93,"column":4},"end":{"line":95,"column":null}},"22":{"start":{"line":94,"column":6},"end":{"line":94,"column":null}},"23":{"start":{"line":98,"column":23},"end":{"line":108,"column":null}},"24":{"start":{"line":98,"column":52},"end":{"line":108,"column":null}},"25":{"start":{"line":99,"column":18},"end":{"line":99,"column":null}},"26":{"start":{"line":100,"column":4},"end":{"line":100,"column":null}},"27":{"start":{"line":100,"column":23},"end":{"line":100,"column":51}},"28":{"start":{"line":101,"column":4},"end":{"line":107,"column":null}},"29":{"start":{"line":102,"column":6},"end":{"line":106,"column":null}},"30":{"start":{"line":103,"column":21},"end":{"line":103,"column":null}},"31":{"start":{"line":104,"column":8},"end":{"line":104,"column":null}},"32":{"start":{"line":105,"column":8},"end":{"line":105,"column":null}},"33":{"start":{"line":110,"column":19},"end":{"line":120,"column":null}},"34":{"start":{"line":111,"column":46},"end":{"line":111,"column":null}},"35":{"start":{"line":112,"column":4},"end":{"line":114,"column":null}},"36":{"start":{"line":113,"column":6},"end":{"line":113,"column":null}},"37":{"start":{"line":115,"column":4},"end":{"line":117,"column":null}},"38":{"start":{"line":116,"column":6},"end":{"line":116,"column":null}},"39":{"start":{"line":118,"column":4},"end":{"line":118,"column":null}},"40":{"start":{"line":119,"column":4},"end":{"line":119,"column":null}},"41":{"start":{"line":122,"column":23},"end":{"line":153,"column":null}},"42":{"start":{"line":123,"column":4},"end":{"line":123,"column":null}},"43":{"start":{"line":124,"column":4},"end":{"line":124,"column":null}},"44":{"start":{"line":124,"column":34},"end":{"line":124,"column":null}},"45":{"start":{"line":126,"column":4},"end":{"line":126,"column":null}},"46":{"start":{"line":127,"column":4},"end":{"line":152,"column":null}},"47":{"start":{"line":128,"column":23},"end":{"line":142,"column":null}},"48":{"start":{"line":143,"column":6},"end":{"line":145,"column":null}},"49":{"start":{"line":144,"column":8},"end":{"line":144,"column":null}},"50":{"start":{"line":146,"column":6},"end":{"line":146,"column":null}},"51":{"start":{"line":147,"column":6},"end":{"line":147,"column":null}},"52":{"start":{"line":149,"column":6},"end":{"line":149,"column":null}},"53":{"start":{"line":151,"column":6},"end":{"line":151,"column":null}},"54":{"start":{"line":155,"column":2},"end":{"line":155,"column":null}},"55":{"start":{"line":155,"column":28},"end":{"line":155,"column":null}},"56":{"start":{"line":158,"column":4},"end":{"line":158,"column":null}},"57":{"start":{"line":159,"column":21},"end":{"line":159,"column":null}},"58":{"start":{"line":161,"column":2},"end":{"line":350,"column":null}},"59":{"start":{"line":178,"column":44},"end":{"line":178,"column":null}},"60":{"start":{"line":247,"column":33},"end":{"line":247,"column":null}},"61":{"start":{"line":247,"column":57},"end":{"line":247,"column":62}}},"fnMap":{"0":{"name":"EditProviderDialog","decl":{"start":{"line":41,"column":16},"end":{"line":41,"column":35}},"loc":{"start":{"line":41,"column":129},"end":{"line":351,"column":null}},"line":41},"1":{"name":"(anonymous_1)","decl":{"start":{"line":58,"column":12},"end":{"line":58,"column":18}},"loc":{"start":{"line":58,"column":18},"end":{"line":74,"column":5}},"line":58},"2":{"name":"(anonymous_2)","decl":{"start":{"line":77,"column":12},"end":{"line":77,"column":18}},"loc":{"start":{"line":77,"column":18},"end":{"line":86,"column":5}},"line":77},"3":{"name":"(anonymous_3)","decl":{"start":{"line":79,"column":26},"end":{"line":79,"column":27}},"loc":{"start":{"line":79,"column":48},"end":{"line":83,"column":null}},"line":79},"4":{"name":"(anonymous_4)","decl":{"start":{"line":85,"column":11},"end":{"line":85,"column":17}},"loc":{"start":{"line":85,"column":17},"end":{"line":85,"column":null}},"line":85},"5":{"name":"(anonymous_5)","decl":{"start":{"line":89,"column":12},"end":{"line":89,"column":18}},"loc":{"start":{"line":89,"column":18},"end":{"line":96,"column":5}},"line":89},"6":{"name":"(anonymous_6)","decl":{"start":{"line":93,"column":11},"end":{"line":93,"column":17}},"loc":{"start":{"line":93,"column":17},"end":{"line":95,"column":null}},"line":93},"7":{"name":"(anonymous_7)","decl":{"start":{"line":98,"column":23},"end":{"line":98,"column":24}},"loc":{"start":{"line":98,"column":52},"end":{"line":108,"column":null}},"line":98},"8":{"name":"(anonymous_8)","decl":{"start":{"line":98,"column":52},"end":{"line":98,"column":53}},"loc":{"start":{"line":98,"column":118},"end":{"line":108,"column":null}},"line":98},"9":{"name":"(anonymous_9)","decl":{"start":{"line":100,"column":12},"end":{"line":100,"column":13}},"loc":{"start":{"line":100,"column":23},"end":{"line":100,"column":51}},"line":100},"10":{"name":"(anonymous_10)","decl":{"start":{"line":102,"column":16},"end":{"line":102,"column":17}},"loc":{"start":{"line":102,"column":26},"end":{"line":106,"column":7}},"line":102},"11":{"name":"(anonymous_11)","decl":{"start":{"line":110,"column":19},"end":{"line":110,"column":34}},"loc":{"start":{"line":110,"column":34},"end":{"line":120,"column":null}},"line":110},"12":{"name":"(anonymous_12)","decl":{"start":{"line":122,"column":23},"end":{"line":122,"column":30}},"loc":{"start":{"line":122,"column":53},"end":{"line":153,"column":null}},"line":122},"13":{"name":"(anonymous_13)","decl":{"start":{"line":178,"column":19},"end":{"line":178,"column":20}},"loc":{"start":{"line":178,"column":44},"end":{"line":178,"column":null}},"line":178},"14":{"name":"(anonymous_14)","decl":{"start":{"line":247,"column":27},"end":{"line":247,"column":33}},"loc":{"start":{"line":247,"column":33},"end":{"line":247,"column":null}},"line":247},"15":{"name":"(anonymous_15)","decl":{"start":{"line":247,"column":47},"end":{"line":247,"column":48}},"loc":{"start":{"line":247,"column":57},"end":{"line":247,"column":62}},"line":247}},"branchMap":{"0":{"loc":{"start":{"line":59,"column":4},"end":{"line":73,"column":null}},"type":"if","locations":[{"start":{"line":59,"column":4},"end":{"line":73,"column":null}},{"start":{},"end":{}}],"line":59},"1":{"loc":{"start":{"line":59,"column":8},"end":{"line":59,"column":28}},"type":"binary-expr","locations":[{"start":{"line":59,"column":8},"end":{"line":59,"column":18}},{"start":{"line":59,"column":18},"end":{"line":59,"column":28}}],"line":59},"2":{"loc":{"start":{"line":62,"column":15},"end":{"line":62,"column":null}},"type":"binary-expr","locations":[{"start":{"line":62,"column":15},"end":{"line":62,"column":33}},{"start":{"line":62,"column":33},"end":{"line":62,"column":null}}],"line":62},"3":{"loc":{"start":{"line":63,"column":20},"end":{"line":63,"column":null}},"type":"binary-expr","locations":[{"start":{"line":63,"column":20},"end":{"line":63,"column":43}},{"start":{"line":63,"column":43},"end":{"line":63,"column":null}}],"line":63},"4":{"loc":{"start":{"line":64,"column":16},"end":{"line":64,"column":null}},"type":"binary-expr","locations":[{"start":{"line":64,"column":16},"end":{"line":64,"column":35}},{"start":{"line":64,"column":35},"end":{"line":64,"column":null}}],"line":64},"5":{"loc":{"start":{"line":65,"column":17},"end":{"line":65,"column":null}},"type":"binary-expr","locations":[{"start":{"line":65,"column":17},"end":{"line":65,"column":37}},{"start":{"line":65,"column":37},"end":{"line":65,"column":null}}],"line":65},"6":{"loc":{"start":{"line":66,"column":22},"end":{"line":66,"column":null}},"type":"binary-expr","locations":[{"start":{"line":66,"column":22},"end":{"line":66,"column":47}},{"start":{"line":66,"column":47},"end":{"line":66,"column":null}}],"line":66},"7":{"loc":{"start":{"line":67,"column":21},"end":{"line":67,"column":null}},"type":"binary-expr","locations":[{"start":{"line":67,"column":21},"end":{"line":67,"column":45}},{"start":{"line":67,"column":45},"end":{"line":67,"column":null}}],"line":67},"8":{"loc":{"start":{"line":68,"column":19},"end":{"line":68,"column":null}},"type":"binary-expr","locations":[{"start":{"line":68,"column":19},"end":{"line":68,"column":41}},{"start":{"line":68,"column":41},"end":{"line":68,"column":null}}],"line":68},"9":{"loc":{"start":{"line":69,"column":20},"end":{"line":69,"column":null}},"type":"binary-expr","locations":[{"start":{"line":69,"column":20},"end":{"line":69,"column":43}},{"start":{"line":69,"column":43},"end":{"line":69,"column":null}}],"line":69},"10":{"loc":{"start":{"line":78,"column":4},"end":{"line":78,"column":null}},"type":"if","locations":[{"start":{"line":78,"column":4},"end":{"line":78,"column":null}},{"start":{},"end":{}}],"line":78},"11":{"loc":{"start":{"line":80,"column":6},"end":{"line":82,"column":null}},"type":"if","locations":[{"start":{"line":80,"column":6},"end":{"line":82,"column":null}},{"start":{},"end":{}}],"line":80},"12":{"loc":{"start":{"line":90,"column":4},"end":{"line":92,"column":null}},"type":"if","locations":[{"start":{"line":90,"column":4},"end":{"line":92,"column":null}},{"start":{},"end":{}}],"line":90},"13":{"loc":{"start":{"line":101,"column":4},"end":{"line":107,"column":null}},"type":"if","locations":[{"start":{"line":101,"column":4},"end":{"line":107,"column":null}},{"start":{},"end":{}}],"line":101},"14":{"loc":{"start":{"line":112,"column":4},"end":{"line":114,"column":null}},"type":"if","locations":[{"start":{"line":112,"column":4},"end":{"line":114,"column":null}},{"start":{},"end":{}}],"line":112},"15":{"loc":{"start":{"line":115,"column":4},"end":{"line":117,"column":null}},"type":"if","locations":[{"start":{"line":115,"column":4},"end":{"line":117,"column":null}},{"start":{},"end":{}}],"line":115},"16":{"loc":{"start":{"line":124,"column":4},"end":{"line":124,"column":null}},"type":"if","locations":[{"start":{"line":124,"column":4},"end":{"line":124,"column":null}},{"start":{},"end":{}}],"line":124},"17":{"loc":{"start":{"line":124,"column":8},"end":{"line":124,"column":34}},"type":"binary-expr","locations":[{"start":{"line":124,"column":8},"end":{"line":124,"column":23}},{"start":{"line":124,"column":23},"end":{"line":124,"column":34}}],"line":124},"18":{"loc":{"start":{"line":138,"column":17},"end":{"line":138,"column":null}},"type":"binary-expr","locations":[{"start":{"line":138,"column":17},"end":{"line":138,"column":38}},{"start":{"line":138,"column":38},"end":{"line":138,"column":null}}],"line":138},"19":{"loc":{"start":{"line":139,"column":22},"end":{"line":139,"column":null}},"type":"binary-expr","locations":[{"start":{"line":139,"column":22},"end":{"line":139,"column":48}},{"start":{"line":139,"column":48},"end":{"line":139,"column":null}}],"line":139},"20":{"loc":{"start":{"line":140,"column":19},"end":{"line":140,"column":null}},"type":"binary-expr","locations":[{"start":{"line":140,"column":19},"end":{"line":140,"column":42}},{"start":{"line":140,"column":42},"end":{"line":140,"column":null}}],"line":140},"21":{"loc":{"start":{"line":143,"column":6},"end":{"line":145,"column":null}},"type":"if","locations":[{"start":{"line":143,"column":6},"end":{"line":145,"column":null}},{"start":{},"end":{}}],"line":143},"22":{"loc":{"start":{"line":149,"column":49},"end":{"line":149,"column":97}},"type":"cond-expr","locations":[{"start":{"line":149,"column":72},"end":{"line":149,"column":86}},{"start":{"line":149,"column":86},"end":{"line":149,"column":97}}],"line":149},"23":{"loc":{"start":{"line":155,"column":2},"end":{"line":155,"column":null}},"type":"if","locations":[{"start":{"line":155,"column":2},"end":{"line":155,"column":null}},{"start":{},"end":{}}],"line":155},"24":{"loc":{"start":{"line":155,"column":6},"end":{"line":155,"column":28}},"type":"binary-expr","locations":[{"start":{"line":155,"column":6},"end":{"line":155,"column":17}},{"start":{"line":155,"column":17},"end":{"line":155,"column":28}}],"line":155},"25":{"loc":{"start":{"line":201,"column":42},"end":{"line":201,"column":81}},"type":"cond-expr","locations":[{"start":{"line":201,"column":56},"end":{"line":201,"column":79}},{"start":{"line":201,"column":79},"end":{"line":201,"column":81}}],"line":201},"26":{"loc":{"start":{"line":204,"column":12},"end":{"line":204,"column":null}},"type":"binary-expr","locations":[{"start":{"line":204,"column":12},"end":{"line":204,"column":27}},{"start":{"line":204,"column":27},"end":{"line":204,"column":null}}],"line":204},"27":{"loc":{"start":{"line":236,"column":22},"end":{"line":236,"column":null}},"type":"cond-expr","locations":[{"start":{"line":236,"column":35},"end":{"line":236,"column":44}},{"start":{"line":236,"column":44},"end":{"line":236,"column":null}}],"line":236},"28":{"loc":{"start":{"line":240,"column":50},"end":{"line":240,"column":91}},"type":"cond-expr","locations":[{"start":{"line":240,"column":66},"end":{"line":240,"column":89}},{"start":{"line":240,"column":89},"end":{"line":240,"column":91}}],"line":240},"29":{"loc":{"start":{"line":250,"column":32},"end":{"line":250,"column":null}},"type":"cond-expr","locations":[{"start":{"line":250,"column":45},"end":{"line":250,"column":62}},{"start":{"line":250,"column":62},"end":{"line":250,"column":null}}],"line":250},"30":{"loc":{"start":{"line":252,"column":36},"end":{"line":252,"column":63}},"type":"cond-expr","locations":[{"start":{"line":252,"column":49},"end":{"line":252,"column":58}},{"start":{"line":252,"column":58},"end":{"line":252,"column":63}}],"line":252},"31":{"loc":{"start":{"line":255,"column":12},"end":{"line":255,"column":null}},"type":"binary-expr","locations":[{"start":{"line":255,"column":12},"end":{"line":255,"column":29}},{"start":{"line":255,"column":29},"end":{"line":255,"column":null}}],"line":255},"32":{"loc":{"start":{"line":343,"column":14},"end":{"line":343,"column":null}},"type":"cond-expr","locations":[{"start":{"line":343,"column":27},"end":{"line":343,"column":41}},{"start":{"line":343,"column":41},"end":{"line":343,"column":null}}],"line":343}},"s":{"0":37,"1":37,"2":37,"3":37,"4":37,"5":9,"6":8,"7":8,"8":8,"9":37,"10":9,"11":1,"12":8,"13":16,"14":0,"15":8,"16":8,"17":8,"18":37,"19":9,"20":8,"21":9,"22":9,"23":37,"24":324,"25":17,"26":17,"27":17,"28":17,"29":0,"30":0,"31":0,"32":0,"33":37,"34":2,"35":2,"36":1,"37":2,"38":1,"39":2,"40":2,"41":37,"42":2,"43":2,"44":1,"45":1,"46":1,"47":1,"48":1,"49":0,"50":1,"51":1,"52":0,"53":1,"54":37,"55":1,"56":36,"57":36,"58":36,"59":4,"60":0,"61":0},"f":{"0":37,"1":9,"2":9,"3":16,"4":8,"5":9,"6":9,"7":324,"8":17,"9":17,"10":0,"11":2,"12":2,"13":4,"14":0,"15":0},"b":{"0":[8,1],"1":[9,8],"2":[8,0],"3":[8,0],"4":[8,1],"5":[8,0],"6":[8,0],"7":[8,0],"8":[8,0],"9":[8,0],"10":[1,8],"11":[0,16],"12":[8,1],"13":[0,17],"14":[1,1],"15":[1,1],"16":[1,1],"17":[2,1],"18":[1,0],"19":[2,0],"20":[2,0],"21":[0,1],"22":[0,0],"23":[1,36],"24":[37,36],"25":[1,35],"26":[37,1],"27":[0,36],"28":[1,35],"29":[0,36],"30":[0,36],"31":[37,1],"32":[1,35]},"meta":{"lastBranch":33,"lastFunction":16,"lastStatement":62,"seen":{"f:41:16:41:35":0,"s:42:22:52:Infinity":0,"s:53:34:53:Infinity":1,"s:54:26:54:Infinity":2,"s:55:34:55:Infinity":3,"s:58:2:74:Infinity":4,"f:58:12:58:18":1,"b:59:4:73:Infinity:undefined:undefined:undefined:undefined":0,"s:59:4:73:Infinity":5,"b:59:8:59:18:59:18:59:28":1,"s:60:6:70:Infinity":6,"b:62:15:62:33:62:33:62:Infinity":2,"b:63:20:63:43:63:43:63:Infinity":3,"b:64:16:64:35:64:35:64:Infinity":4,"b:65:17:65:37:65:37:65:Infinity":5,"b:66:22:66:47:66:47:66:Infinity":6,"b:67:21:67:45:67:45:67:Infinity":7,"b:68:19:68:41:68:41:68:Infinity":8,"b:69:20:69:43:69:43:69:Infinity":9,"s:71:6:71:Infinity":7,"s:72:6:72:Infinity":8,"s:77:2:86:Infinity":9,"f:77:12:77:18":2,"b:78:4:78:Infinity:undefined:undefined:undefined:undefined":10,"s:78:4:78:Infinity":10,"s:78:17:78:Infinity":11,"s:79:26:83:Infinity":12,"f:79:26:79:27":3,"b:80:6:82:Infinity:undefined:undefined:undefined:undefined":11,"s:80:6:82:Infinity":13,"s:81:8:81:Infinity":14,"s:84:4:84:Infinity":15,"s:85:4:85:Infinity":16,"f:85:11:85:17":4,"s:85:17:85:Infinity":17,"s:89:2:96:Infinity":18,"f:89:12:89:18":5,"b:90:4:92:Infinity:undefined:undefined:undefined:undefined":12,"s:90:4:92:Infinity":19,"s:91:6:91:Infinity":20,"s:93:4:95:Infinity":21,"f:93:11:93:17":6,"s:94:6:94:Infinity":22,"s:98:23:108:Infinity":23,"f:98:23:98:24":7,"s:98:52:108:Infinity":24,"f:98:52:98:53":8,"s:99:18:99:Infinity":25,"s:100:4:100:Infinity":26,"f:100:12:100:13":9,"s:100:23:100:51":27,"b:101:4:107:Infinity:undefined:undefined:undefined:undefined":13,"s:101:4:107:Infinity":28,"s:102:6:106:Infinity":29,"f:102:16:102:17":10,"s:103:21:103:Infinity":30,"s:104:8:104:Infinity":31,"s:105:8:105:Infinity":32,"s:110:19:120:Infinity":33,"f:110:19:110:34":11,"s:111:46:111:Infinity":34,"b:112:4:114:Infinity:undefined:undefined:undefined:undefined":14,"s:112:4:114:Infinity":35,"s:113:6:113:Infinity":36,"b:115:4:117:Infinity:undefined:undefined:undefined:undefined":15,"s:115:4:117:Infinity":37,"s:116:6:116:Infinity":38,"s:118:4:118:Infinity":39,"s:119:4:119:Infinity":40,"s:122:23:153:Infinity":41,"f:122:23:122:30":12,"s:123:4:123:Infinity":42,"b:124:4:124:Infinity:undefined:undefined:undefined:undefined":16,"s:124:4:124:Infinity":43,"b:124:8:124:23:124:23:124:34":17,"s:124:34:124:Infinity":44,"s:126:4:126:Infinity":45,"s:127:4:152:Infinity":46,"s:128:23:142:Infinity":47,"b:138:17:138:38:138:38:138:Infinity":18,"b:139:22:139:48:139:48:139:Infinity":19,"b:140:19:140:42:140:42:140:Infinity":20,"b:143:6:145:Infinity:undefined:undefined:undefined:undefined":21,"s:143:6:145:Infinity":48,"s:144:8:144:Infinity":49,"s:146:6:146:Infinity":50,"s:147:6:147:Infinity":51,"s:149:6:149:Infinity":52,"b:149:72:149:86:149:86:149:97":22,"s:151:6:151:Infinity":53,"b:155:2:155:Infinity:undefined:undefined:undefined:undefined":23,"s:155:2:155:Infinity":54,"b:155:6:155:17:155:17:155:28":24,"s:155:28:155:Infinity":55,"s:158:4:158:Infinity":56,"s:159:21:159:Infinity":57,"s:161:2:350:Infinity":58,"f:178:19:178:20":13,"s:178:44:178:Infinity":59,"b:201:56:201:79:201:79:201:81":25,"b:204:12:204:27:204:27:204:Infinity":26,"b:236:35:236:44:236:44:236:Infinity":27,"b:240:66:240:89:240:89:240:91":28,"f:247:27:247:33":14,"s:247:33:247:Infinity":60,"f:247:47:247:48":15,"s:247:57:247:62":61,"b:250:45:250:62:250:62:250:Infinity":29,"b:252:49:252:58:252:58:252:63":30,"b:255:12:255:29:255:29:255:Infinity":31,"b:343:27:343:41:343:41:343:Infinity":32}}}
,"D:\\project-code\\llm\\openpowers\\src\\client\\components\\Layout.tsx": {"path":"D:\\project-code\\llm\\openpowers\\src\\client\\components\\Layout.tsx","statementMap":{"0":{"start":{"line":24,"column":29},"end":{"line":26,"column":null}},"1":{"start":{"line":28,"column":24},"end":{"line":33,"column":null}},"2":{"start":{"line":29,"column":4},"end":{"line":32,"column":null}},"3":{"start":{"line":30,"column":6},"end":{"line":30,"column":null}},"4":{"start":{"line":31,"column":6},"end":{"line":31,"column":null}},"5":{"start":{"line":35,"column":2},"end":{"line":134,"column":null}}},"fnMap":{"0":{"name":"Layout","decl":{"start":{"line":23,"column":16},"end":{"line":23,"column":23}},"loc":{"start":{"line":23,"column":94},"end":{"line":135,"column":null}},"line":23},"1":{"name":"(anonymous_1)","decl":{"start":{"line":24,"column":29},"end":{"line":24,"column":35}},"loc":{"start":{"line":24,"column":35},"end":{"line":26,"column":null}},"line":24},"2":{"name":"(anonymous_2)","decl":{"start":{"line":28,"column":24},"end":{"line":28,"column":25}},"loc":{"start":{"line":28,"column":56},"end":{"line":33,"column":null}},"line":28}},"branchMap":{"0":{"loc":{"start":{"line":29,"column":4},"end":{"line":32,"column":null}},"type":"if","locations":[{"start":{"line":29,"column":4},"end":{"line":32,"column":null}},{"start":{},"end":{}}],"line":29},"1":{"loc":{"start":{"line":29,"column":8},"end":{"line":29,"column":52}},"type":"binary-expr","locations":[{"start":{"line":29,"column":8},"end":{"line":29,"column":33}},{"start":{"line":29,"column":33},"end":{"line":29,"column":52}}],"line":29}},"s":{"0":9,"1":9,"2":0,"3":0,"4":0,"5":9},"f":{"0":9,"1":1,"2":0},"b":{"0":[0,0],"1":[0,0]},"meta":{"lastBranch":2,"lastFunction":3,"lastStatement":6,"seen":{"f:23:16:23:23":0,"s:24:29:26:Infinity":0,"f:24:29:24:35":1,"s:28:24:33:Infinity":1,"f:28:24:28:25":2,"b:29:4:32:Infinity:undefined:undefined:undefined:undefined":0,"s:29:4:32:Infinity":2,"b:29:8:29:33:29:33:29:52":1,"s:30:6:30:Infinity":3,"s:31:6:31:Infinity":4,"s:35:2:134:Infinity":5}}}
,"D:\\project-code\\llm\\openpowers\\src\\client\\components\\ProviderCard.tsx": {"path":"D:\\project-code\\llm\\openpowers\\src\\client\\components\\ProviderCard.tsx","statementMap":{"0":{"start":{"line":26,"column":93},"end":{"line":35,"column":null}},"1":{"start":{"line":42,"column":24},"end":{"line":42,"column":null}},"2":{"start":{"line":43,"column":2},"end":{"line":45,"column":null}},"3":{"start":{"line":44,"column":4},"end":{"line":44,"column":null}},"4":{"start":{"line":46,"column":2},"end":{"line":46,"column":null}},"5":{"start":{"line":59,"column":2},"end":{"line":65,"column":null}},"6":{"start":{"line":60,"column":4},"end":{"line":64,"column":null}},"7":{"start":{"line":66,"column":2},"end":{"line":70,"column":null}},"8":{"start":{"line":78,"column":40},"end":{"line":78,"column":null}},"9":{"start":{"line":79,"column":22},"end":{"line":79,"column":null}},"10":{"start":{"line":81,"column":23},"end":{"line":89,"column":null}},"11":{"start":{"line":82,"column":4},"end":{"line":82,"column":null}},"12":{"start":{"line":82,"column":18},"end":{"line":82,"column":null}},"13":{"start":{"line":83,"column":4},"end":{"line":83,"column":null}},"14":{"start":{"line":84,"column":4},"end":{"line":88,"column":null}},"15":{"start":{"line":85,"column":6},"end":{"line":85,"column":null}},"16":{"start":{"line":87,"column":6},"end":{"line":87,"column":null}},"17":{"start":{"line":91,"column":2},"end":{"line":201,"column":null}},"18":{"start":{"line":178,"column":27},"end":{"line":178,"column":null}},"19":{"start":{"line":191,"column":27},"end":{"line":191,"column":null}}},"fnMap":{"0":{"name":"ProviderIcon","decl":{"start":{"line":41,"column":9},"end":{"line":41,"column":22}},"loc":{"start":{"line":41,"column":120},"end":{"line":47,"column":null}},"line":41},"1":{"name":"getEnableButtonState","decl":{"start":{"line":54,"column":9},"end":{"line":54,"column":30}},"loc":{"start":{"line":58,"column":2},"end":{"line":71,"column":null}},"line":58},"2":{"name":"ProviderCard","decl":{"start":{"line":77,"column":16},"end":{"line":77,"column":29}},"loc":{"start":{"line":77,"column":123},"end":{"line":202,"column":null}},"line":77},"3":{"name":"(anonymous_3)","decl":{"start":{"line":81,"column":23},"end":{"line":81,"column":35}},"loc":{"start":{"line":81,"column":35},"end":{"line":89,"column":null}},"line":81},"4":{"name":"(anonymous_4)","decl":{"start":{"line":178,"column":21},"end":{"line":178,"column":27}},"loc":{"start":{"line":178,"column":27},"end":{"line":178,"column":null}},"line":178},"5":{"name":"(anonymous_5)","decl":{"start":{"line":191,"column":21},"end":{"line":191,"column":27}},"loc":{"start":{"line":191,"column":27},"end":{"line":191,"column":null}},"line":191}},"branchMap":{"0":{"loc":{"start":{"line":41,"column":37},"end":{"line":41,"column":47}},"type":"default-arg","locations":[{"start":{"line":41,"column":44},"end":{"line":41,"column":47}}],"line":41},"1":{"loc":{"start":{"line":42,"column":24},"end":{"line":42,"column":null}},"type":"cond-expr","locations":[{"start":{"line":42,"column":31},"end":{"line":42,"column":48}},{"start":{"line":42,"column":48},"end":{"line":42,"column":null}}],"line":42},"2":{"loc":{"start":{"line":43,"column":2},"end":{"line":45,"column":null}},"type":"if","locations":[{"start":{"line":43,"column":2},"end":{"line":45,"column":null}},{"start":{},"end":{}}],"line":43},"3":{"loc":{"start":{"line":44,"column":70},"end":{"line":44,"column":89}},"type":"binary-expr","locations":[{"start":{"line":44,"column":70},"end":{"line":44,"column":79}},{"start":{"line":44,"column":79},"end":{"line":44,"column":89}}],"line":44},"4":{"loc":{"start":{"line":46,"column":58},"end":{"line":46,"column":77}},"type":"binary-expr","locations":[{"start":{"line":46,"column":58},"end":{"line":46,"column":67}},{"start":{"line":46,"column":67},"end":{"line":46,"column":77}}],"line":46},"5":{"loc":{"start":{"line":59,"column":2},"end":{"line":65,"column":null}},"type":"if","locations":[{"start":{"line":59,"column":2},"end":{"line":65,"column":null}},{"start":{},"end":{}}],"line":59},"6":{"loc":{"start":{"line":82,"column":4},"end":{"line":82,"column":null}},"type":"if","locations":[{"start":{"line":82,"column":4},"end":{"line":82,"column":null}},{"start":{},"end":{}}],"line":82},"7":{"loc":{"start":{"line":95,"column":8},"end":{"line":97,"column":null}},"type":"cond-expr","locations":[{"start":{"line":96,"column":12},"end":{"line":96,"column":null}},{"start":{"line":97,"column":12},"end":{"line":97,"column":null}}],"line":95},"8":{"loc":{"start":{"line":103,"column":8},"end":{"line":103,"column":null}},"type":"cond-expr","locations":[{"start":{"line":103,"column":19},"end":{"line":103,"column":35}},{"start":{"line":103,"column":35},"end":{"line":103,"column":null}}],"line":103},"9":{"loc":{"start":{"line":135,"column":10},"end":{"line":140,"column":null}},"type":"binary-expr","locations":[{"start":{"line":135,"column":10},"end":{"line":135,"column":null}},{"start":{"line":136,"column":12},"end":{"line":140,"column":null}}],"line":135},"10":{"loc":{"start":{"line":141,"column":10},"end":{"line":146,"column":null}},"type":"binary-expr","locations":[{"start":{"line":141,"column":10},"end":{"line":141,"column":null}},{"start":{"line":142,"column":12},"end":{"line":146,"column":null}}],"line":141},"11":{"loc":{"start":{"line":162,"column":22},"end":{"line":162,"column":null}},"type":"binary-expr","locations":[{"start":{"line":162,"column":22},"end":{"line":162,"column":46}},{"start":{"line":162,"column":46},"end":{"line":162,"column":null}}],"line":162},"12":{"loc":{"start":{"line":163,"column":26},"end":{"line":163,"column":null}},"type":"cond-expr","locations":[{"start":{"line":163,"column":37},"end":{"line":163,"column":68}},{"start":{"line":163,"column":68},"end":{"line":163,"column":null}}],"line":163},"13":{"loc":{"start":{"line":165,"column":14},"end":{"line":167,"column":null}},"type":"cond-expr","locations":[{"start":{"line":166,"column":18},"end":{"line":166,"column":null}},{"start":{"line":167,"column":18},"end":{"line":167,"column":null}}],"line":165}},"s":{"0":2,"1":25,"2":25,"3":25,"4":0,"5":25,"6":5,"7":20,"8":25,"9":25,"10":25,"11":1,"12":0,"13":1,"14":1,"15":1,"16":1,"17":25,"18":1,"19":1},"f":{"0":25,"1":25,"2":25,"3":1,"4":1,"5":1},"b":{"0":[25],"1":[25,0],"2":[25,0],"3":[25,0],"4":[0,0],"5":[5,20],"6":[0,1],"7":[5,20],"8":[5,20],"9":[25,25],"10":[25,25],"11":[25,20],"12":[5,20],"13":[5,20]},"meta":{"lastBranch":14,"lastFunction":6,"lastStatement":20,"seen":{"s:26:93:35:Infinity":0,"f:41:9:41:22":0,"b:41:44:41:47":0,"s:42:24:42:Infinity":1,"b:42:31:42:48:42:48:42:Infinity":1,"b:43:2:45:Infinity:undefined:undefined:undefined:undefined":2,"s:43:2:45:Infinity":2,"s:44:4:44:Infinity":3,"b:44:70:44:79:44:79:44:89":3,"s:46:2:46:Infinity":4,"b:46:58:46:67:46:67:46:77":4,"f:54:9:54:30":1,"b:59:2:65:Infinity:undefined:undefined:undefined:undefined":5,"s:59:2:65:Infinity":5,"s:60:4:64:Infinity":6,"s:66:2:70:Infinity":7,"f:77:16:77:29":2,"s:78:40:78:Infinity":8,"s:79:22:79:Infinity":9,"s:81:23:89:Infinity":10,"f:81:23:81:35":3,"b:82:4:82:Infinity:undefined:undefined:undefined:undefined":6,"s:82:4:82:Infinity":11,"s:82:18:82:Infinity":12,"s:83:4:83:Infinity":13,"s:84:4:88:Infinity":14,"s:85:6:85:Infinity":15,"s:87:6:87:Infinity":16,"s:91:2:201:Infinity":17,"b:96:12:96:Infinity:97:12:97:Infinity":7,"b:103:19:103:35:103:35:103:Infinity":8,"b:135:10:135:Infinity:136:12:140:Infinity":9,"b:141:10:141:Infinity:142:12:146:Infinity":10,"b:162:22:162:46:162:46:162:Infinity":11,"b:163:37:163:68:163:68:163:Infinity":12,"b:166:18:166:Infinity:167:18:167:Infinity":13,"f:178:21:178:27":4,"s:178:27:178:Infinity":18,"f:191:21:191:27":5,"s:191:27:191:Infinity":19}}}
,"D:\\project-code\\llm\\openpowers\\src\\client\\components\\ProviderList.tsx": {"path":"D:\\project-code\\llm\\openpowers\\src\\client\\components\\ProviderList.tsx","statementMap":{"0":{"start":{"line":31,"column":2},"end":{"line":31,"column":null}},"1":{"start":{"line":38,"column":2},"end":{"line":47,"column":null}},"2":{"start":{"line":42,"column":6},"end":{"line":45,"column":null}},"3":{"start":{"line":54,"column":2},"end":{"line":121,"column":null}},"4":{"start":{"line":129,"column":32},"end":{"line":129,"column":null}},"5":{"start":{"line":130,"column":28},"end":{"line":130,"column":null}},"6":{"start":{"line":131,"column":24},"end":{"line":131,"column":null}},"7":{"start":{"line":133,"column":8},"end":{"line":148,"column":null}},"8":{"start":{"line":134,"column":4},"end":{"line":134,"column":null}},"9":{"start":{"line":135,"column":4},"end":{"line":135,"column":null}},"10":{"start":{"line":136,"column":4},"end":{"line":147,"column":null}},"11":{"start":{"line":137,"column":23},"end":{"line":137,"column":null}},"12":{"start":{"line":138,"column":6},"end":{"line":140,"column":null}},"13":{"start":{"line":139,"column":8},"end":{"line":139,"column":null}},"14":{"start":{"line":141,"column":31},"end":{"line":141,"column":null}},"15":{"start":{"line":142,"column":6},"end":{"line":142,"column":null}},"16":{"start":{"line":144,"column":6},"end":{"line":144,"column":null}},"17":{"start":{"line":146,"column":6},"end":{"line":146,"column":null}},"18":{"start":{"line":150,"column":2},"end":{"line":152,"column":null}},"19":{"start":{"line":151,"column":4},"end":{"line":151,"column":null}},"20":{"start":{"line":154,"column":2},"end":{"line":156,"column":null}},"21":{"start":{"line":155,"column":4},"end":{"line":155,"column":null}},"22":{"start":{"line":158,"column":2},"end":{"line":178,"column":null}},"23":{"start":{"line":159,"column":4},"end":{"line":177,"column":null}},"24":{"start":{"line":171,"column":25},"end":{"line":171,"column":null}},"25":{"start":{"line":180,"column":2},"end":{"line":182,"column":null}},"26":{"start":{"line":181,"column":4},"end":{"line":181,"column":null}},"27":{"start":{"line":184,"column":2},"end":{"line":197,"column":null}},"28":{"start":{"line":188,"column":6},"end":{"line":195,"column":null}}},"fnMap":{"0":{"name":"getApiUrl","decl":{"start":{"line":30,"column":9},"end":{"line":30,"column":29}},"loc":{"start":{"line":30,"column":29},"end":{"line":32,"column":null}},"line":30},"1":{"name":"LoadingSkeleton","decl":{"start":{"line":37,"column":9},"end":{"line":37,"column":47}},"loc":{"start":{"line":37,"column":47},"end":{"line":48,"column":null}},"line":37},"2":{"name":"(anonymous_2)","decl":{"start":{"line":41,"column":21},"end":{"line":41,"column":22}},"loc":{"start":{"line":42,"column":6},"end":{"line":45,"column":null}},"line":42},"3":{"name":"EmptyState","decl":{"start":{"line":53,"column":9},"end":{"line":53,"column":20}},"loc":{"start":{"line":53,"column":74},"end":{"line":122,"column":null}},"line":53},"4":{"name":"ProviderList","decl":{"start":{"line":128,"column":16},"end":{"line":128,"column":29}},"loc":{"start":{"line":128,"column":152},"end":{"line":198,"column":null}},"line":128},"5":{"name":"(anonymous_5)","decl":{"start":{"line":133,"column":37},"end":{"line":133,"column":49}},"loc":{"start":{"line":133,"column":49},"end":{"line":148,"column":5}},"line":133},"6":{"name":"(anonymous_6)","decl":{"start":{"line":150,"column":12},"end":{"line":150,"column":18}},"loc":{"start":{"line":150,"column":18},"end":{"line":152,"column":5}},"line":150},"7":{"name":"(anonymous_7)","decl":{"start":{"line":171,"column":19},"end":{"line":171,"column":25}},"loc":{"start":{"line":171,"column":25},"end":{"line":171,"column":null}},"line":171},"8":{"name":"(anonymous_8)","decl":{"start":{"line":187,"column":21},"end":{"line":187,"column":22}},"loc":{"start":{"line":188,"column":6},"end":{"line":195,"column":null}},"line":188}},"branchMap":{"0":{"loc":{"start":{"line":138,"column":6},"end":{"line":140,"column":null}},"type":"if","locations":[{"start":{"line":138,"column":6},"end":{"line":140,"column":null}},{"start":{},"end":{}}],"line":138},"1":{"loc":{"start":{"line":154,"column":2},"end":{"line":156,"column":null}},"type":"if","locations":[{"start":{"line":154,"column":2},"end":{"line":156,"column":null}},{"start":{},"end":{}}],"line":154},"2":{"loc":{"start":{"line":158,"column":2},"end":{"line":178,"column":null}},"type":"if","locations":[{"start":{"line":158,"column":2},"end":{"line":178,"column":null}},{"start":{},"end":{}}],"line":158},"3":{"loc":{"start":{"line":180,"column":2},"end":{"line":182,"column":null}},"type":"if","locations":[{"start":{"line":180,"column":2},"end":{"line":182,"column":null}},{"start":{},"end":{}}],"line":180}},"s":{"0":7,"1":7,"2":21,"3":2,"4":13,"5":13,"6":13,"7":13,"8":7,"9":7,"10":7,"11":7,"12":5,"13":0,"14":5,"15":5,"16":1,"17":6,"18":13,"19":7,"20":13,"21":7,"22":6,"23":1,"24":0,"25":5,"26":2,"27":3,"28":6},"f":{"0":7,"1":7,"2":21,"3":2,"4":13,"5":7,"6":7,"7":0,"8":6},"b":{"0":[0,5],"1":[7,6],"2":[1,5],"3":[2,3]},"meta":{"lastBranch":4,"lastFunction":9,"lastStatement":29,"seen":{"f:30:9:30:29":0,"s:31:2:31:Infinity":0,"f:37:9:37:47":1,"s:38:2:47:Infinity":1,"f:41:21:41:22":2,"s:42:6:45:Infinity":2,"f:53:9:53:20":3,"s:54:2:121:Infinity":3,"f:128:16:128:29":4,"s:129:32:129:Infinity":4,"s:130:28:130:Infinity":5,"s:131:24:131:Infinity":6,"s:133:8:148:Infinity":7,"f:133:37:133:49":5,"s:134:4:134:Infinity":8,"s:135:4:135:Infinity":9,"s:136:4:147:Infinity":10,"s:137:23:137:Infinity":11,"b:138:6:140:Infinity:undefined:undefined:undefined:undefined":0,"s:138:6:140:Infinity":12,"s:139:8:139:Infinity":13,"s:141:31:141:Infinity":14,"s:142:6:142:Infinity":15,"s:144:6:144:Infinity":16,"s:146:6:146:Infinity":17,"s:150:2:152:Infinity":18,"f:150:12:150:18":6,"s:151:4:151:Infinity":19,"b:154:2:156:Infinity:undefined:undefined:undefined:undefined":1,"s:154:2:156:Infinity":20,"s:155:4:155:Infinity":21,"b:158:2:178:Infinity:undefined:undefined:undefined:undefined":2,"s:158:2:178:Infinity":22,"s:159:4:177:Infinity":23,"f:171:19:171:25":7,"s:171:25:171:Infinity":24,"b:180:2:182:Infinity:undefined:undefined:undefined:undefined":3,"s:180:2:182:Infinity":25,"s:181:4:181:Infinity":26,"s:184:2:197:Infinity":27,"f:187:21:187:22":8,"s:188:6:195:Infinity":28}}}
,"D:\\project-code\\llm\\openpowers\\src\\client\\data\\presets.ts": {"path":"D:\\project-code\\llm\\openpowers\\src\\client\\data\\presets.ts","statementMap":{"0":{"start":{"line":37,"column":55},"end":{"line":446,"column":null}}},"fnMap":{},"branchMap":{},"s":{"0":1},"f":{},"b":{},"meta":{"lastBranch":0,"lastFunction":0,"lastStatement":1,"seen":{"s:37:55:446:Infinity":0}}}
,"D:\\project-code\\llm\\openpowers\\src\\client\\utils\\logger.ts": {"path":"D:\\project-code\\llm\\openpowers\\src\\client\\utils\\logger.ts","statementMap":{"0":{"start":{"line":9,"column":13},"end":{"line":9,"column":null}},"1":{"start":{"line":11,"column":22},"end":{"line":16,"column":null}}},"fnMap":{"0":{"name":"(anonymous_0)","decl":{"start":{"line":9,"column":13},"end":{"line":9,"column":25}},"loc":{"start":{"line":9,"column":25},"end":{"line":9,"column":null}},"line":9},"1":{"name":"(anonymous_1)","decl":{"start":{"line":14,"column":8},"end":{"line":14,"column":20}},"loc":{"start":{"line":14,"column":20},"end":{"line":14,"column":null}},"line":14},"2":{"name":"(anonymous_2)","decl":{"start":{"line":15,"column":9},"end":{"line":15,"column":21}},"loc":{"start":{"line":15,"column":21},"end":{"line":15,"column":null}},"line":15}},"branchMap":{},"s":{"0":3,"1":3},"f":{"0":0,"1":0,"2":0},"b":{},"meta":{"lastBranch":0,"lastFunction":3,"lastStatement":2,"seen":{"s:9:13:9:Infinity":0,"f:9:13:9:25":0,"s:11:22:16:Infinity":1,"f:14:8:14:20":1,"f:15:9:15:21":2}}}
,"D:\\project-code\\llm\\openpowers\\src\\commands\\config.ts": {"path":"D:\\project-code\\llm\\openpowers\\src\\commands\\config.ts","statementMap":{"0":{"start":{"line":14,"column":2},"end":{"line":14,"column":null}},"1":{"start":{"line":22,"column":2},"end":{"line":24,"column":null}},"2":{"start":{"line":23,"column":4},"end":{"line":23,"column":null}},"3":{"start":{"line":25,"column":2},"end":{"line":27,"column":null}},"4":{"start":{"line":26,"column":4},"end":{"line":26,"column":null}},"5":{"start":{"line":28,"column":2},"end":{"line":28,"column":null}},"6":{"start":{"line":37,"column":20},"end":{"line":39,"column":null}},"7":{"start":{"line":41,"column":2},"end":{"line":47,"column":null}},"8":{"start":{"line":45,"column":12},"end":{"line":45,"column":null}},"9":{"start":{"line":46,"column":6},"end":{"line":46,"column":null}},"10":{"start":{"line":49,"column":2},"end":{"line":58,"column":null}},"11":{"start":{"line":53,"column":12},"end":{"line":53,"column":null}},"12":{"start":{"line":54,"column":6},"end":{"line":57,"column":null}},"13":{"start":{"line":55,"column":14},"end":{"line":55,"column":null}},"14":{"start":{"line":56,"column":8},"end":{"line":56,"column":null}}},"fnMap":{"0":{"name":"isPlainObject","decl":{"start":{"line":13,"column":9},"end":{"line":13,"column":23}},"loc":{"start":{"line":13,"column":73},"end":{"line":15,"column":null}},"line":13},"1":{"name":"formatValue","decl":{"start":{"line":21,"column":9},"end":{"line":21,"column":21}},"loc":{"start":{"line":21,"column":45},"end":{"line":29,"column":null}},"line":21},"2":{"name":"registerConfigCommand","decl":{"start":{"line":36,"column":16},"end":{"line":36,"column":38}},"loc":{"start":{"line":36,"column":62},"end":{"line":59,"column":null}},"line":36},"3":{"name":"(anonymous_3)","decl":{"start":{"line":44,"column":12},"end":{"line":44,"column":18}},"loc":{"start":{"line":44,"column":18},"end":{"line":47,"column":5}},"line":44},"4":{"name":"(anonymous_4)","decl":{"start":{"line":52,"column":12},"end":{"line":52,"column":13}},"loc":{"start":{"line":52,"column":32},"end":{"line":58,"column":5}},"line":52}},"branchMap":{"0":{"loc":{"start":{"line":14,"column":9},"end":{"line":14,"column":null}},"type":"binary-expr","locations":[{"start":{"line":14,"column":9},"end":{"line":14,"column":38}},{"start":{"line":14,"column":38},"end":{"line":14,"column":56}},{"start":{"line":14,"column":56},"end":{"line":14,"column":null}}],"line":14},"1":{"loc":{"start":{"line":22,"column":2},"end":{"line":24,"column":null}},"type":"if","locations":[{"start":{"line":22,"column":2},"end":{"line":24,"column":null}},{"start":{},"end":{}}],"line":22},"2":{"loc":{"start":{"line":22,"column":6},"end":{"line":22,"column":45}},"type":"binary-expr","locations":[{"start":{"line":22,"column":6},"end":{"line":22,"column":29}},{"start":{"line":22,"column":29},"end":{"line":22,"column":45}}],"line":22},"3":{"loc":{"start":{"line":25,"column":2},"end":{"line":27,"column":null}},"type":"if","locations":[{"start":{"line":25,"column":2},"end":{"line":27,"column":null}},{"start":{},"end":{}}],"line":25},"4":{"loc":{"start":{"line":25,"column":6},"end":{"line":25,"column":52}},"type":"binary-expr","locations":[{"start":{"line":25,"column":6},"end":{"line":25,"column":30}},{"start":{"line":25,"column":30},"end":{"line":25,"column":52}}],"line":25}},"s":{"0":8,"1":10,"2":2,"3":8,"4":4,"5":4,"6":8,"7":8,"8":1,"9":1,"10":8,"11":5,"12":5,"13":10,"14":10},"f":{"0":8,"1":10,"2":8,"3":1,"4":5},"b":{"0":[8,4,4],"1":[2,8],"2":[10,8],"3":[4,4],"4":[8,6]},"meta":{"lastBranch":5,"lastFunction":5,"lastStatement":15,"seen":{"f:13:9:13:23":0,"s:14:2:14:Infinity":0,"b:14:9:14:38:14:38:14:56:14:56:14:Infinity":0,"f:21:9:21:21":1,"b:22:2:24:Infinity:undefined:undefined:undefined:undefined":1,"s:22:2:24:Infinity":1,"b:22:6:22:29:22:29:22:45":2,"s:23:4:23:Infinity":2,"b:25:2:27:Infinity:undefined:undefined:undefined:undefined":3,"s:25:2:27:Infinity":3,"b:25:6:25:30:25:30:25:52":4,"s:26:4:26:Infinity":4,"s:28:2:28:Infinity":5,"f:36:16:36:38":2,"s:37:20:39:Infinity":6,"s:41:2:47:Infinity":7,"f:44:12:44:18":3,"s:45:12:45:Infinity":8,"s:46:6:46:Infinity":9,"s:49:2:58:Infinity":10,"f:52:12:52:13":4,"s:53:12:53:Infinity":11,"s:54:6:57:Infinity":12,"s:55:14:55:Infinity":13,"s:56:8:56:Infinity":14}}}
,"D:\\project-code\\llm\\openpowers\\src\\commands\\init.ts": {"path":"D:\\project-code\\llm\\openpowers\\src\\commands\\init.ts","statementMap":{"0":{"start":{"line":31,"column":8},"end":{"line":31,"column":null}},"1":{"start":{"line":32,"column":2},"end":{"line":40,"column":null}},"2":{"start":{"line":33,"column":4},"end":{"line":33,"column":null}},"3":{"start":{"line":34,"column":4},"end":{"line":34,"column":null}},"4":{"start":{"line":35,"column":4},"end":{"line":35,"column":null}},"5":{"start":{"line":37,"column":4},"end":{"line":37,"column":null}},"6":{"start":{"line":38,"column":4},"end":{"line":38,"column":null}},"7":{"start":{"line":39,"column":4},"end":{"line":39,"column":null}},"8":{"start":{"line":43,"column":8},"end":{"line":43,"column":null}},"9":{"start":{"line":44,"column":2},"end":{"line":54,"column":null}},"10":{"start":{"line":45,"column":4},"end":{"line":48,"column":null}},"11":{"start":{"line":49,"column":4},"end":{"line":49,"column":null}},"12":{"start":{"line":50,"column":4},"end":{"line":50,"column":null}},"13":{"start":{"line":52,"column":4},"end":{"line":52,"column":null}},"14":{"start":{"line":53,"column":4},"end":{"line":53,"column":null}},"15":{"start":{"line":57,"column":8},"end":{"line":57,"column":null}},"16":{"start":{"line":58,"column":2},"end":{"line":68,"column":null}},"17":{"start":{"line":59,"column":4},"end":{"line":62,"column":null}},"18":{"start":{"line":63,"column":4},"end":{"line":63,"column":null}},"19":{"start":{"line":64,"column":4},"end":{"line":64,"column":null}},"20":{"start":{"line":66,"column":4},"end":{"line":66,"column":null}},"21":{"start":{"line":67,"column":4},"end":{"line":67,"column":null}},"22":{"start":{"line":71,"column":26},"end":{"line":74,"column":null}},"23":{"start":{"line":75,"column":8},"end":{"line":75,"column":null}},"24":{"start":{"line":76,"column":2},"end":{"line":87,"column":null}},"25":{"start":{"line":77,"column":4},"end":{"line":80,"column":null}},"26":{"start":{"line":81,"column":4},"end":{"line":81,"column":null}},"27":{"start":{"line":82,"column":4},"end":{"line":82,"column":null}},"28":{"start":{"line":84,"column":4},"end":{"line":84,"column":null}},"29":{"start":{"line":85,"column":4},"end":{"line":85,"column":null}},"30":{"start":{"line":86,"column":4},"end":{"line":86,"column":null}},"31":{"start":{"line":90,"column":8},"end":{"line":90,"column":null}},"32":{"start":{"line":91,"column":2},"end":{"line":103,"column":null}},"33":{"start":{"line":92,"column":4},"end":{"line":95,"column":null}},"34":{"start":{"line":96,"column":4},"end":{"line":96,"column":null}},"35":{"start":{"line":97,"column":4},"end":{"line":97,"column":null}},"36":{"start":{"line":98,"column":4},"end":{"line":98,"column":null}},"37":{"start":{"line":100,"column":4},"end":{"line":100,"column":null}},"38":{"start":{"line":101,"column":4},"end":{"line":101,"
[...]
{"line":123,"column":4},"end":{"line":127,"column":null}}],"line":121},"2":{"loc":{"start":{"line":121,"column":8},"end":{"line":121,"column":77}},"type":"binary-expr","locations":[{"start":{"line":121,"column":8},"end":{"line":121,"column":23}},{"start":{"line":121,"column":23},"end":{"line":121,"column":49}},{"start":{"line":121,"column":49},"end":{"line":121,"column":77}}],"line":121},"3":{"loc":{"start":{"line":123,"column":4},"end":{"line":127,"column":null}},"type":"if","locations":[{"start":{"line":123,"column":4},"end":{"line":127,"column":null}},{"start":{"line":125,"column":11},"end":{"line":127,"column":null}}],"line":123},"4":{"loc":{"start":{"line":123,"column":15},"end":{"line":123,"column":84}},"type":"binary-expr","locations":[{"start":{"line":123,"column":15},"end":{"line":123,"column":30}},{"start":{"line":123,"column":30},"end":{"line":123,"column":56}},{"start":{"line":123,"column":56},"end":{"line":123,"column":84}}],"line":123},"5":{"loc":{"start":{"line":152,"column":20},"end":{"line":152,"column":null}},"type":"binary-expr","locations":[{"start":{"line":152,"column":20},"end":{"line":152,"column":27}},{"start":{"line":152,"column":27},"end":{"line":152,"column":null}}],"line":152},"6":{"loc":{"start":{"line":162,"column":2},"end":{"line":173,"column":null}},"type":"if","locations":[{"start":{"line":162,"column":2},"end":{"line":173,"column":null}},{"start":{},"end":{}}],"line":162},"7":{"loc":{"start":{"line":167,"column":6},"end":{"line":171,"column":null}},"type":"if","locations":[{"start":{"line":167,"column":6},"end":{"line":171,"column":null}},{"start":{"line":169,"column":13},"end":{"line":171,"column":null}}],"line":167},"8":{"loc":{"start":{"line":177,"column":2},"end":{"line":184,"column":null}},"type":"if","locations":[{"start":{"line":177,"column":2},"end":{"line":184,"column":null}},{"start":{},"end":{}}],"line":177},"9":{"loc":{"start":{"line":200,"column":4},"end":{"line":202,"column":null}},"type":"if","locations":[{"start":{"line":200,"column":4},"end":{"line":202,"column":null}},{"start":{},"end":{}}],"line":200},"10":{"loc":{"start":{"line":200,"column":8},"end":{"line":200,"column":45}},"type":"binary-expr","locations":[{"start":{"line":200,"column":8},"end":{"line":200,"column":25}},{"start":{"line":200,"column":25},"end":{"line":200,"column":45}}],"line":200},"11":{"loc":{"start":{"line":203,"column":4},"end":{"line":205,"column":null}},"type":"if","locations":[{"start":{"line":203,"column":4},"end":{"line":205,"column":null}},{"start":{},"end":{}}],"line":203},"12":{"loc":{"start":{"line":203,"column":8},"end":{"line":203,"column":57}},"type":"binary-expr","locations":[{"start":{"line":203,"column":8},"end":{"line":203,"column":36}},{"start":{"line":203,"column":36},"end":{"line":203,"column":57}}],"line":203}},"s":{"0":2,"1":2,"2":2,"3":2,"4":2,"5":2,"6":2,"7":2,"8":2,"9":2,"10":2,"11":20,"12":19,"13":42,"14":42,"15":42,"16":5,"17":37,"18":2,"19":35,"20":19,"21":7,"22":7,"23":7,"24":7,"25":7,"26":7,"27":7,"28":7,"29":3,"30":3,"31":3,"32":2,"33":1,"34":1,"35":5,"36":5,"37":0,"38":0,"39":0,"40":5,"41":5,"42":5,"43":5,"44":8,"45":1,"46":7,"47":1,"48":6,"49":3},"f":{"0":20,"1":19,"2":7,"3":5},"b":{"0":[20,13,13],"1":[5,37],"2":[42,15,5],"3":[2,35],"4":[37,10,3],"5":[7,1],"6":[3,4],"7":[1,1],"8":[0,5],"9":[1,7],"10":[8,8],"11":[1,6],"12":[7,6]},"meta":{"lastBranch":13,"lastFunction":4,"lastStatement":50,"seen":{"s:18:29:24:Infinity":0,"s:26:24:30:Infinity":1,"s:32:24:35:Infinity":2,"s:37:28:41:Infinity":3,"s:43:22:48:Infinity":4,"s:50:21:56:Infinity":5,"s:58:21:60:Infinity":6,"s:62:27:70:Infinity":7,"s:72:31:76:Infinity":8,"s:78:26:81:Infinity":9,"s:87:38:93:Infinity":10,"f:101:9:101:23":0,"s:102:2:102:Infinity":11,"b:102:9:102:38:102:38:102:56:102:56:102:Infinity":0,"f:113:16:113:Infinity":1,"s:117:2:128:Infinity":12,"s:118:24:118:Infinity":13,"s:119:20:119:Infinity":14,"b:121:4:127:Infinity:123:4:127:Infinity":1,"s:121:4:127:Infinity":15,"b:121:8:121:23:121:23:121:49:121:49:121:77":2,"s:122:6:122:Infinity":16,"b:123:4:127:Infinity:125:11:127:Infinity":3,"s:123:4:127:Infinity":17,"b:123:15:123:30:123:30:123:56:123:56:123:84":4,"s:124:7:124:Infinity":18,"s:126:7:126:Infinity":19,"s:129:2:129:Infinity":20,"f:149:16:149:27":2,"s:150:24:150:Infinity":21,"s:151:28:151:Infinity":22,"s:152:20:152:Infinity":23,"b:152:20:152:27:152:27:152:Infinity":5,"s:153:29:153:Infinity":24,"s:155:42:155:Infinity":25,"s:158:21:158:Infinity":26,"s:159:2:159:Infinity":27,"b:162:2:173:Infinity:undefined:undefined:undefined:undefined":6,"s:162:2:173:Infinity":28,"s:163:4:172:Infinity":29,"s:164:26:164:Infinity":30,"s:165:6:165:Infinity":31,"b:167:6:171:Infinity:169:13:171:Infinity":7,"s:167:6:171:Infinity":32,"s:168:8:168:Infinity":33,"s:170:8:170:Infinity":34,"s:176:17:176:Infinity":35,"b:177:2:184:Infinity:undefined:undefined:undefined:undefined":8,"s:177:2:184:Infinity":36,"s:178:4:180:Infinity":37,"s:179:6:179:Infinity":38,"s:183:4:183:Infinity":39,"s:186:2:186:Infinity":40,"f:196:16:196:28":3,"s:197:16:197:Infinity":41,"s:198:22:198:Infinity":42,"s:199:2:207:Infinity":43,"b:200:4:202:Infinity:undefined:undefined:undefined:undefined":9,"s:200:4:202:Infinity":44,"b:200:8:200:25:200:25:200:45":10,"s:201:6:201:Infinity":45,"b:203:4:205:Infinity:undefined:undefined:undefined:undefined":11,"s:203:4:205:Infinity":46,"b:203:8:203:36:203:36:203:57":12,"s:204:6:204:Infinity":47,"s:206:4:206:Infinity":48,"s:208:2:208:Infinity":49}}}
,"D:\\project-code\\llm\\openpowers\\src\\utils\\logger.ts": {"path":"D:\\project-code\\llm\\openpowers\\src\\utils\\logger.ts","statementMap":{"0":{"start":{"line":14,"column":16},"end":{"line":14,"column":null}},"1":{"start":{"line":15,"column":17},"end":{"line":15,"column":null}},"2":{"start":{"line":22,"column":2},"end":{"line":24,"column":null}},"3":{"start":{"line":23,"column":4},"end":{"line":23,"column":null}},"4":{"start":{"line":31,"column":12},"end":{"line":31,"column":null}},"5":{"start":{"line":32,"column":12},"end":{"line":32,"column":null}},"6":{"start":{"line":33,"column":14},"end":{"line":33,"column":null}},"7":{"start":{"line":34,"column":2},"end":{"line":34,"column":null}},"8":{"start":{"line":42,"column":2},"end":{"line":44,"column":null}},"9":{"start":{"line":43,"column":4},"end":{"line":43,"column":null}},"10":{"start":{"line":45,"column":15},"end":{"line":45,"column":null}},"11":{"start":{"line":46,"column":20},"end":{"line":46,"column":null}},"12":{"start":{"line":47,"column":20},"end":{"line":47,"column":null}},"13":{"start":{"line":48,"column":2},"end":{"line":54,"column":null}},"14":{"start":{"line":49,"column":24},"end":{"line":49,"column":null}},"15":{"start":{"line":51,"column":4},"end":{"line":53,"column":null}},"16":{"start":{"line":52,"column":6},"end":{"line":52,"column":null}},"17":{"start":{"line":63,"column":2},"end":{"line":83,"column":null}},"18":{"start":{"line":64,"column":4},"end":{"line":64,"column":null}},"19":{"start":{"line":65,"column":4},"end":{"line":65,"column":null}},"20":{"start":{"line":66,"column":4},"end":{"line":79,"column":null}},"21":{"start":{"line":72,"column":24},"end":{"line":72,"column":null}},"22":{"start":{"line":73,"column":10},"end":{"line":73,"column":null}},"23":{"start":{"line":82,"column":4},"end":{"line":82,"column":null}},"24":{"start":{"line":86,"column":22},"end":{"line":86,"column":null}}},"fnMap":{"0":{"name":"ensureLogDir","decl":{"start":{"line":21,"column":9},"end":{"line":21,"column":30}},"loc":{"start":{"line":21,"column":30},"end":{"line":25,"column":null}},"line":21},"1":{"name":"formatDate","decl":{"start":{"line":30,"column":9},"end":{"line":30,"column":20}},"loc":{"start":{"line":30,"column":37},"end":{"line":35,"column":null}},"line":30},"2":{"name":"rotateLogIfNeeded","decl":{"start":{"line":41,"column":9},"end":{"line":41,"column":35}},"loc":{"start":{"line":41,"column":35},"end":{"line":55,"column":null}},"line":41},"3":{"name":"createWinstonLogger","decl":{"start":{"line":62,"column":9},"end":{"line":62,"column":47}},"loc":{"start":{"line":62,"column":47},"end":{"line":84,"column":null}},"line":62},"4":{"name":"(anonymous_4)","decl":{"start":{"line":71,"column":30},"end":{"line":71,"column":31}},"loc":{"start":{"line":71,"column":40},"end":{"line":74,"column":9}},"line":71}},"branchMap":{"0":{"loc":{"start":{"line":22,"column":2},"end":{"line":24,"column":null}},"type":"if","locations":[{"start":{"line":22,"column":2},"end":{"line":24,"column":null}},{"start":{},"end":{}}],"line":22},"1":{"loc":{"start":{"line":42,"column":2},"end":{"line":44,"column":null}},"type":"if","locations":[{"start":{"line":42,"column":2},"end":{"line":44,"column":null}},{"start":{},"end":{}}],"line":42},"2":{"loc":{"start":{"line":48,"column":2},"end":{"line":54,"column":null}},"type":"if","locations":[{"start":{"line":48,"column":2},"end":{"line":54,"column":null}},{"start":{},"end":{}}],"line":48},"3":{"loc":{"start":{"line":51,"column":4},"end":{"line":53,"column":null}},"type":"if","locations":[{"start":{"line":51,"column":4},"end":{"line":53,"column":null}},{"start":{},"end":{}}],"line":51}},"s":{"0":20,"1":20,"2":20,"3":3,"4":14,"5":14,"6":14,"7":14,"8":18,"9":11,"10":7,"11":7,"12":7,"13":7,"14":2,"15":2,"16":1,"17":20,"18":20,"19":20,"20":20,"21":1,"22":1,"23":2,"24":20},"f":{"0":20,"1":14,"2":18,"3":20,"4":1},"b":{"0":[3,17],"1":[11,7],"2":[2,5],"3":[1,1]},"meta":{"lastBranch":4,"lastFunction":5,"lastStatement":25,"seen":{"s:14:16:14:Infinity":0,"s:15:17:15:Infinity":1,"f:21:9:21:30":0,"b:22:2:24:Infinity:undefined:undefined:undefined:undefined":0,"s:22:2:24:Infinity":2,"s:23:4:23:Infinity":3,"f:30:9:30:20":1,"s:31:12:31:Infinity":4,"s:32:12:32:Infinity":5,"s:33:14:33:Infinity":6,"s:34:2:34:Infinity":7,"f:41:9:41:35":2,"b:42:2:44:Infinity:undefined:undefined:undefined:undefined":1,"s:42:2:44:Infinity":8,"s:43:4:43:Infinity":9,"s:45:15:45:Infinity":10,"s:46:20:46:Infinity":11,"s:47:20:47:Infinity":12,"b:48:2:54:Infinity:undefined:undefined:undefined:undefined":2,"s:48:2:54:Infinity":13,"s:49:24:49:Infinity":14,"b:51:4:53:Infinity:undefined:undefined:undefined:undefined":3,"s:51:4:53:Infinity":15,"s:52:6:52:Infinity":16,"f:62:9:62:47":3,"s:63:2:83:Infinity":17,"s:64:4:64:Infinity":18,"s:65:4:65:Infinity":19,"s:66:4:79:Infinity":20,"f:71:30:71:31":4,"s:72:24:72:Infinity":21,"s:73:10:73:Infinity":22,"s:82:4:82:Infinity":23,"s:86:22:86:Infinity":24}}}
,"D:\\project-code\\llm\\openpowers\\src\\utils\\port-manager.ts": {"path":"D:\\project-code\\llm\\openpowers\\src\\utils\\port-manager.ts","statementMap":{"0":{"start":{"line":20,"column":2},"end":{"line":35,"column":null}},"1":{"start":{"line":21,"column":19},"end":{"line":21,"column":null}},"2":{"start":{"line":23,"column":4},"end":{"line":26,"column":null}},"3":{"start":{"line":24,"column":6},"end":{"line":24,"column":null}},"4":{"start":{"line":25,"column":6},"end":{"line":25,"column":null}},"5":{"start":{"line":28,"column":4},"end":{"line":34,"column":null}},"6":{"start":{"line":29,"column":6},"end":{"line":33,"column":null}},"7":{"start":{"line":30,"column":8},"end":{"line":30,"column":null}},"8":{"start":{"line":32,"column":8},"end":{"line":32,"column":null}},"9":{"start":{"line":46,"column":19},"end":{"line":46,"column":null}},"10":{"start":{"line":48,"column":2},"end":{"line":52,"column":null}},"11":{"start":{"line":49,"column":4},"end":{"line":49,"column":null}},"12":{"start":{"line":51,"column":4},"end":{"line":51,"column":null}},"13":{"start":{"line":70,"column":2},"end":{"line":96,"column":null}},"14":{"start":{"line":71,"column":10},"end":{"line":75,"column":null}},"15":{"start":{"line":77,"column":4},"end":{"line":79,"column":null}},"16":{"start":{"line":78,"column":6},"end":{"line":78,"column":null}},"17":{"start":{"line":81,"column":17},"end":{"line":81,"column":null}},"18":{"start":{"line":82,"column":4},"end":{"line":92,"column":null}},"19":{"start":{"line":83,"column":6},"end":{"line":91,"column":null}},"20":{"start":{"line":84,"column":8},"end":{"line":87,"column":null}},"21":{"start":{"line":88,"column":8},"end":{"line":88,"column":null}},"22":{"start":{"line":90,"column":8},"end":{"line":90,"column":null}},"23":{"start":{"line":94,"column":4},"end":{"line":94,"column":null}},"24":{"start":{"line":95,"column":4},"end":{"line":95,"column":null}},"25":{"start":{"line":103,"column":2},"end":{"line":108,"column":null}},"26":{"start":{"line":107,"column":13},"end":{"line":107,"column":null}},"27":{"start":{"line":115,"column":2},"end":{"line":120,"column":null}},"28":{"start":{"line":118,"column":16},"end":{"line":118,"column":null}},"29":{"start":{"line":118,"column":53},"end":{"line":118,"column":61}},"30":{"start":{"line":119,"column":13},"end":{"line":119,"column":null}},"31":{"start":{"line":131,"column":17},"end":{"line":131,"column":null}},"32":{"start":{"line":132,"column":16},"end":{"line":132,"column":null}},"33":{"start":{"line":134,"column":2},"end":{"line":145,"column":null}},"34":{"start":{"line":135,"column":20},"end":{"line":135,"column":null}},"35":{"start":{"line":136,"column":4},"end":{"line":138,"column":null}},"36":{"start":{"line":137,"column":6},"end":{"line":137,"column":null}},"37":{"start":{"line":139,"column":18},"end":{"line":139,"column":null}},"38":{"start":{"line":141,"column":16},"end":{"line":141,"column":null}},"39":{"start":{"line":142,"column":4},"end":{"line":144,"column":null}},"40":{"start":{"line":143,"column":6},"end":{"line":143,"column":null}},"41":{"start":{"line":147,"column":2},"end":{"line":147,"column":null}}},"fnMap":{"0":{"name":"isPortInUse","decl":{"start":{"line":19,"column":22},"end":{"line":19,"column":34}},"loc":{"start":{"line":19,"column":66},"end":{"line":36,"column":null}},"line":19},"1":{"name":"(anonymous_1)","decl":{"start":{"line":20,"column":21},"end":{"line":20,"column":22}},"loc":{"start":{"line":20,"column":34},"end":{"line":35,"column":3}},"line":20},"2":{"name":"(anonymous_2)","decl":{"start":{"line":23,"column":24},"end":{"line":23,"column":30}},"loc":{"start":{"line":23,"column":30},"end":{"line":26,"column":5}},"line":23},"3":{"name":"(anonymous_3)","decl":{"start":{"line":28,"column":23},"end":{"line":28,"column":24}},"loc":{"start":{"line":28,"column":55},"end":{"line":34,"column":5}},"line":28},"4":{"name":"killPortProcess","decl":{"start":{"line":45,"column":22},"end":{"line":45,"column":38}},"loc":{"start":{"line":45,"column":67},"end":{"line":53,"column":null}},"line":45},"5":{"name":"killPortWithCommand","decl":{"start":{"line":64,"column":15},"end":{"line":64,"column":null}},"loc":{"start":{"line":69,"column":17},"end":{"line":97,"column":null}},"line":69},"6":{"name":"killPortProcessWindows","decl":{"start":{"line":102,"column":15},"end":{"line":102,"column":38}},"loc":{"start":{"line":102,"column":67},"end":{"line":109,"column":null}},"line":102},"7":{"name":"(anonymous_7)","decl":{"start":{"line":107,"column":4},"end":{"line":107,"column":5}},"loc":{"start":{"line":107,"column":13},"end":{"line":107,"column":null}},"line":107},"8":{"name":"killPortProcessUnix","decl":{"start":{"line":114,"column":15},"end":{"line":114,"column":35}},"loc":{"start":{"line":114,"column":64},"end":{"line":121,"column":null}},"line":114},"9":{"name":"(anonymous_9)","decl":{"start":{"line":118,"column":4},"end":{"line":118,"column":5}},"loc":{"start":{"line":118,"column":16},"end":{"line":118,"column":null}},"line":118},"10":{"name":"(anonymous_10)","decl":{"start":{"line":118,"column":46},"end":{"line":118,"column":47}},"loc":{"start":{"line":118,"column":53},"end":{"line":118,"column":61}},"line":118},"11":{"name":"(anonymous_11)","decl":{"start":{"line":119,"column":4},"end":{"line":119,"column":5}},"loc":{"start":{"line":119,"column":13},"end":{"line":119,"column":null}},"line":119},"12":{"name":"parseWindowsNetstatOutput","decl":{"start":{"line":130,"column":9},"end":{"line":130,"column":35}},"loc":{"start":{"line":130,"column":61},"end":{"line":148,"column":null}},"line":130}},"branchMap":{"0":{"loc":{"start":{"line":29,"column":6},"end":{"line":33,"column":null}},"type":"if","locations":[{"start":{"line":29,"column":6},"end":{"line":33,"column":null}},{"start":{"line":31,"column":13},"end":{"line":33,"column":null}}],"line":29},"1":{"loc":{"start":{"line":48,"column":2},"end":{"line":52,"column":null}},"type":"if","locations":[{"start":{"line":48,"column":2},"end":{"line":52,"column":null}},{"start":{"line":50,"column":9},"end":{"line":52,"column":null}}],"line":48},"2":{"loc":{"start":{"line":77,"column":4},"end":{"line":79,"column":null}},"type":"if","locations":[{"start":{"line":77,"column":4},"end":{"line":79,"column":null}},{"start":{},"end":{}}],"line":77},"3":{"loc":{"start":{"line":90,"column":78},"end":{"line":90,"column":126}},"type":"cond-expr","locations":[{"start":{"line":90,"column":101},"end":{"line":90,"column":115}},{"start":{"line":90,"column":115},"end":{"line":90,"column":126}}],"line":90},"4":{"loc":{"start":{"line":94,"column":65},"end":{"line":94,"column":113}},"type":"cond-expr","locations":[{"start":{"line":94,"column":88},"end":{"line":94,"column":102}},{"start":{"line":94,"column":102},"end":{"line":94,"column":113}}],"line":94},"5":{"loc":{"start":{"line":136,"column":4},"end":{"line":138,"column":null}},"type":"if","locations":[{"start":{"line":136,"column":4},"end":{"line":138,"column":null}},{"start":{},"end":{}}],"line":136},"6":{"loc":{"start":{"line":142,"column":4},"end":{"line":144,"column":null}},"type":"if","locations":[{"start":{"line":142,"column":4},"end":{"line":144,"column":null}},{"start":{},"end":{}}],"line":142},"7":{"loc":{"start":{"line":142,"column":8},"end":{"line":142,"column":34}},"type":"binary-expr","locations":[{"start":{"line":142,"column":8},"end":{"line":142,"column":15}},{"start":{"line":142,"column":15},"end":{"line":142,"column":34}}],"line":142}},"s":{"0":3,"1":3,"2":3,"3":1,"4":1,"5":3,"6":2,"7":1,"8":1,"9":10,"10":10,"11":5,"12":5,"13":10,"14":10,"15":10,"16":2,"17":8,"18":8,"19":13,"20":13,"21":13,"22":3,"23":0,"24":0,"25":5,"26":7,"27":5,"28":4,"29":6,"30":6,"31":4,"32":4,"33":4,"34":7,"35":7,"36":0,"37":7,"38":7,"39":7,"40":7,"41":4},"f":{"0":3,"1":3,"2":1,"3":2,"4":10,"5":10,"6":5,"7":7,"8":5,"9":4,"10":6,"11":6,"12":4},"b":{"0":[1,1],"1":[5,5],"2":[2,8],"3":[3,0],"4":[0,0],"5":[0,7],"6":[7,0],"7":[7,7]},"meta":{"lastBranch":8,"lastFunction":13,"lastStatement":42,"seen":{"f:19:22:19:34":0,"s:20:2:35:Infinity":0,"f:20:21:20:22":1,"s:21:19:21:Infinity":1,"s:23:4:26:Infinity":2,"f:23:24:23:30":2,"s:24:6:24:Infinity":3,"s:25:6:25:Infinity":4,"s:28:4:34:Infinity":5,"f:28:23:28:24":3,"b:29:6:33:Infinity:31:13:33:Infinity":0,"s:29:6:33:Infinity":6,"s:30:8:30:Infinity":7,"s:32:8:32:Infinity":8,"f:45:22:45:38":4,"s:46:19:46:Infinity":9,"b:48:2:52:Infinity:50:9:52:Infinity":1,"s:48:2:52:Infinity":10,"s:49:4:49:Infinity":11,"s:51:4:51:Infinity":12,"f:64:15:64:Infinity":5,"s:70:2:96:Infinity":13,"s:71:10:75:Infinity":14,"b:77:4:79:Infinity:undefined:undefined:undefined:undefined":2,"s:77:4:79:Infinity":15,"s:78:6:78:Infinity":16,"s:81:17:81:Infinity":17,"s:82:4:92:Infinity":18,"s:83:6:91:Infinity":19,"s:84:8:87:Infinity":20,"s:88:8:88:Infinity":21,"s:90:8:90:Infinity":22,"b:90:101:90:115:90:115:90:126":3,"s:94:4:94:Infinity":23,"b:94:88:94:102:94:102:94:113":4,"s:95:4:95:Infinity":24,"f:102:15:102:38":6,"s:103:2:108:Infinity":25,"f:107:4:107:5":7,"s:107:13:107:Infinity":26,"f:114:15:114:35":8,"s:115:2:120:Infinity":27,"f:118:4:118:5":9,"s:118:16:118:Infinity":28,"f:118:46:118:47":10,"s:118:53:118:61":29,"f:119:4:119:5":11,"s:119:13:119:Infinity":30,"f:130:9:130:35":12,"s:131:17:131:Infinity":31,"s:132:16:132:Infinity":32,"s:134:2:145:Infinity":33,"s:135:20:135:Infinity":34,"b:136:4:138:Infinity:undefined:undefined:undefined:undefined":5,"s:136:4:138:Infinity":35,"s:137:6:137:Infinity":36,"s:139:18:139:Infinity":37,"s:141:16:141:Infinity":38,"b:142:4:144:Infinity:undefined:undefined:undefined:undefined":6,"s:142:4:144:Infinity":39,"b:142:8:142:15:142:15:142:34":7,"s:143:6:143:Infinity":40,"s:147:2:147:Infinity":41}}}
}
