{"D:\\project-code\\llm\\openpowers\\src\\commands\\change\\archive.ts": {"path":"D:\\project-code\\llm\\openpowers\\src\\commands\\change\\archive.ts","statementMap":{"0":{"start":{"line":28,"column":8},"end":{"line":28,"column":null}},"1":{"start":{"line":31,"column":24},"end":{"line":31,"column":null}},"2":{"start":{"line":31,"column":49},"end":{"line":31,"column":64}},"3":{"start":{"line":32,"column":2},"end":{"line":35,"column":null}},"4":{"start":{"line":33,"column":4},"end":{"line":33,"column":null}},"5":{"start":{"line":34,"column":4},"end":{"line":34,"column":null}},"6":{"start":{"line":38,"column":22},"end":{"line":38,"column":null}},"7":{"start":{"line":38,"column":47},"end":{"line":38,"column":62}},"8":{"start":{"line":39,"column":2},"end":{"line":42,"column":null}},"9":{"start":{"line":40,"column":4},"end":{"line":40,"column":null}},"10":{"start":{"line":41,"column":4},"end":{"line":41,"column":null}},"11":{"start":{"line":45,"column":24},"end":{"line":45,"column":null}},"12":{"start":{"line":48,"column":8},"end":{"line":48,"column":null}},"13":{"start":{"line":51,"column":27},"end":{"line":53,"column":null}},"14":{"start":{"line":52,"column":19},"end":{"line":52,"column":38}},"15":{"start":{"line":53,"column":16},"end":{"line":53,"column":20}},"16":{"start":{"line":55,"column":2},"end":{"line":59,"column":null}},"17":{"start":{"line":56,"column":4},"end":{"line":56,"column":null}},"18":{"start":{"line":57,"column":4},"end":{"line":57,"column":null}},"19":{"start":{"line":58,"column":4},"end":{"line":58,"column":null}},"20":{"start":{"line":62,"column":8},"end":{"line":62,"column":null}},"21":{"start":{"line":63,"column":24},"end":{"line":63,"column":null}},"22":{"start":{"line":64,"column":20},"end":{"line":64,"column":null}},"23":{"start":{"line":67,"column":2},"end":{"line":69,"column":null}},"24":{"start":{"line":68,"column":4},"end":{"line":68,"column":null}},"25":{"start":{"line":72,"column":2},"end":{"line":72,"column":null}},"26":{"start":{"line":73,"column":2},"end":{"line":73,"column":null}},"27":{"start":{"line":76,"column":25},"end":{"line":76,"column":null}},"28":{"start":{"line":76,"column":52},"end":{"line":76,"column":67}},"29":{"start":{"line":77,"column":23},"end":{"line":85,"column":null}},"30":{"start":{"line":88,"column":18},"end":{"line":93,"column":null}},"31":{"start":{"line":92,"column":44},"end":{"line":92,"column":59}},"32":{"start":{"line":95,"column":18},"end":{"line":95,"column":null}},"33":{"start":{"line":96,"column":2},"end":{"line":98,"column":null}},"34":{"start":{"line":97,"column":4},"end":{"line":97,"column":null}},"35":{"start":{"line":99,"column":2},"end":{"line":99,"column":null}},"36":{"start":{"line":101,"column":2},"end":{"line":101,"column":null}}},"fnMap":{"0":{"name":"runChangeArchive","decl":{"start":{"line":26,"column":16},"end":{"line":26,"column":33}},"loc":{"start":{"line":26,"column":53},"end":{"line":102,"column":null}},"line":26},"1":{"name":"(anonymous_1)","decl":{"start":{"line":31,"column":42},"end":{"line":31,"column":43}},"loc":{"start":{"line":31,"column":49},"end":{"line":31,"column":64}},"line":31},"2":{"name":"(anonymous_2)","decl":{"start":{"line":38,"column":40},"end":{"line":38,"column":41}},"loc":{"start":{"line":38,"column":47},"end":{"line":38,"column":62}},"line":38},"3":{"name":"(anonymous_3)","decl":{"start":{"line":52,"column":12},"end":{"line":52,"column":13}},"loc":{"start":{"line":52,"column":19},"end":{"line":52,"column":38}},"line":52},"4":{"name":"(anonymous_4)","decl":{"start":{"line":53,"column":9},"end":{"line":53,"column":10}},"loc":{"start":{"line":53,"column":16},"end":{"line":53,"column":20}},"line":53},"5":{"name":"(anonymous_5)","decl":{"start":{"line":76,"column":45},"end":{"line":76,"column":46}},"loc":{"start":{"line":76,"column":52},"end":{"line":76,"column":67}},"line":76},"6":{"name":"(anonymous_6)","decl":{"start":{"line":92,"column":37},"end":{"line":92,"column":38}},"loc":{"start":{"line":92,"column":44},"end":{"line":92,"column":59}},"line":92}},"branchMap":{"0":{"loc":{"start":{"line":32,"column":2},"end":{"line":35,"column":null}},"type":"if","locations":[{"start":{"line":32,"column":2},"end":{"line":35,"column":null}},{"start":{},"end":{}}],"line":32},"1":{"loc":{"start":{"line":39,"column":2},"end":{"line":42,"column":null}},"type":"if","locations":[{"start":{"line":39,"column":2},"end":{"line":42,"column":null}},{"start":{},"end":{}}],"line":39},"2":{"loc":{"start":{"line":55,"column":2},"end":{"line":59,"column":null}},"type":"if","locations":[{"start":{"line":55,"column":2},"end":{"line":59,"column":null}},{"start":{},"end":{}}],"line":55},"3":{"loc":{"start":{"line":67,"column":2},"end":{"line":69,"column":null}},"type":"if","locations":[{"start":{"line":67,"column":2},"end":{"line":69,"column":null}},{"start":{},"end":{}}],"line":67},"4":{"loc":{"start":{"line":80,"column":17},"end":{"line":80,"column":null}},"type":"binary-expr","locations":[{"start":{"line":80,"column":17},"end":{"line":80,"column":44}},{"start":{"line":80,"column":44},"end":{"line":80,"column":null}}],"line":80},"5":{"loc":{"start":{"line":81,"column":15},"end":{"line":81,"column":null}},"type":"binary-expr","locations":[{"start":{"line":81,"column":15},"end":{"line":81,"column":40}},{"start":{"line":81,"column":27},"end":{"line":81,"column":null}}],"line":81},"6":{"loc":{"start":{"line":83,"column":14},"end":{"line":83,"column":null}},"type":"binary-expr","locations":[{"start":{"line":83,"column":14},"end":{"line":83,"column":38}},{"start":{"line":83,"column":38},"end":{"line":83,"column":null}}],"line":83},"7":{"loc":{"start":{"line":84,"column":15},"end":{"line":84,"column":null}},"type":"binary-expr","locations":[{"start":{"line":84,"column":15},"end":{"line":84,"column":40}},{"start":{"line":84,"column":40},"end":{"line":84,"column":null}}],"line":84},"8":{"loc":{"start":{"line":96,"column":2},"end":{"line":98,"column":null}},"type":"if","locations":[{"start":{"line":96,"column":2},"end":{"line":98,"column":null}},{"start":{},"end":{}}],"line":96}},"s":{"0":7,"1":7,"2":1,"3":7,"4":1,"5":1,"6":6,"7":5,"8":6,"9":1,"10":1,"11":5,"12":5,"13":5,"14":16,"15":4,"16":5,"17":3,"18":3,"19":3,"20":2,"21":2,"22":2,"23":2,"24":1,"25":2,"26":2,"27":2,"28":2,"29":2,"30":7,"31":0,"32":7,"33":7,"34":0,"35":2,"36":2},"f":{"0":7,"1":1,"2":5,"3":16,"4":4,"5":2,"6":0},"b":{"0":[1,6],"1":[1,5],"2":[3,2],"3":[1,1],"4":[2,0],"5":[7,0],"6":[7,0],"7":[7,0],"8":[0,7]},"meta":{"lastBranch":9,"lastFunction":7,"lastStatement":37,"seen":{"f:26:16:26:33":0,"s:28:8:28:Infinity":0,"s:31:24:31:Infinity":1,"f:31:42:31:43":1,"s:31:49:31:64":2,"b:32:2:35:Infinity:undefined:undefined:undefined:undefined":0,"s:32:2:35:Infinity":3,"s:33:4:33:Infinity":4,"s:34:4:34:Infinity":5,"s:38:22:38:Infinity":6,"f:38:40:38:41":2,"s:38:47:38:62":7,"b:39:2:42:Infinity:undefined:undefined:undefined:undefined":1,"s:39:2:42:Infinity":8,"s:40:4:40:Infinity":9,"s:41:4:41:Infinity":10,"s:45:24:45:Infinity":11,"s:48:8:48:Infinity":12,"s:51:27:53:Infinity":13,"f:52:12:52:13":3,"s:52:19:52:38":14,"f:53:9:53:10":4,"s:53:16:53:20":15,"b:55:2:59:Infinity:undefined:undefined:undefined:undefined":2,"s:55:2:59:Infinity":16,"s:56:4:56:Infinity":17,"s:57:4:57:Infinity":18,"s:58:4:58:Infinity":19,"s:62:8:62:Infinity":20,"s:63:24:63:Infinity":21,"s:64:20:64:Infinity":22,"b:67:2:69:Infinity:undefined:undefined:undefined:undefined":3,"s:67:2:69:Infinity":23,"s:68:4:68:Infinity":24,"s:72:2:72:Infinity":25,"s:73:2:73:Infinity":26,"s:76:25:76:Infinity":27,"f:76:45:76:46":5,"s:76:52:76:67":28,"s:77:23:85:Infinity":29,"b:80:17:80:44:80:44:80:Infinity":4,"b:81:15:81:40:81:27:81:Infinity":5,"b:83:14:83:38:83:38:83:Infinity":6,"b:84:15:84:40:84:40:84:Infinity":7,"s:88:18:93:Infinity":30,"f:92:37:92:38":6,"s:92:44:92:59":31,"s:95:18:95:Infinity":32,"b:96:2:98:Infinity:undefined:undefined:undefined:undefined":8,"s:96:2:98:Infinity":33,"s:97:4:97:Infinity":34,"s:99:2:99:Infinity":35,"s:101:2:101:Infinity":36}}}
,"D:\\project-code\\llm\\openpowers\\src\\commands\\change\\shared.ts": {"path":"D:\\project-code\\llm\\openpowers\\src\\commands\\change\\shared.ts","statementMap":{"0":{"start":{"line":13,"column":16},"end":{"line":13,"column":null}},"1":{"start":{"line":14,"column":12},"end":{"line":14,"column":null}},"2":{"start":{"line":17,"column":20},"end":{"line":17,"column":null}},"3":{"start":{"line":18,"column":20},"end":{"line":18,"column":null}},"4":{"start":{"line":19,"column":26},"end":{"line":19,"column":null}},"5":{"start":{"line":29,"column":19},"end":{"line":29,"column":null}},"6":{"start":{"line":30,"column":2},"end":{"line":30,"column":null}},"7":{"start":{"line":34,"column":29},"end":{"line":39,"column":null}},"8":{"start":{"line":42,"column":21},"end":{"line":42,"column":null}},"9":{"start":{"line":45,"column":19},"end":{"line":45,"column":null}},"10":{"start":{"line":48,"column":52},"end":{"line":55,"column":null}},"11":{"start":{"line":65,"column":17},"end":{"line":65,"column":null}},"12":{"start":{"line":66,"column":15},"end":{"line":66,"column":null}},"13":{"start":{"line":67,"column":16},"end":{"line":67,"column":null}},"14":{"start":{"line":68,"column":15},"end":{"line":68,"column":null}},"15":{"start":{"line":69,"column":2},"end":{"line":69,"column":null}},"16":{"start":{"line":69,"column":17},"end":{"line":69,"column":null}},"17":{"start":{"line":70,"column":2},"end":{"line":70,"column":null}},"18":{"start":{"line":70,"column":16},"end":{"line":70,"column":null}},"19":{"start":{"line":71,"column":2},"end":{"line":71,"column":null}},"20":{"start":{"line":71,"column":17},"end":{"line":71,"column":null}},"21":{"start":{"line":72,"column":2},"end":{"line":72,"column":null}},"22":{"start":{"line":72,"column":16},"end":{"line":72,"column":null}},"23":{"start":{"line":73,"column":2},"end":{"line":73,"column":null}},"24":{"start":{"line":82,"column":2},"end":{"line":84,"column":null}},"25":{"start":{"line":83,"column":4},"end":{"line":83,"column":null}},"26":{"start":{"line":85,"column":2},"end":{"line":85,"column":null}},"27":{"start":{"line":95,"column":2},"end":{"line":111,"column":null}},"28":{"start":{"line":97,"column":23},"end":{"line":97,"column":null}},"29":{"start":{"line":98,"column":23},"end":{"line":98,"column":null}},"30":{"start":{"line":99,"column":25},"end":{"line":99,"column":null}},"31":{"start":{"line":100,"column":6},"end":{"line":100,"column":null}},"32":{"start":{"line":103,"column":6},"end":{"line":107,"column":null}},"33":{"start":{"line":105,"column":25},"end":{"line":105,"column":null}},"34":{"start":{"line":106,"column":8},"end":{"line":106,"column":null}},"35":{"start":{"line":109,"column":6},"end":{"line":109,"column":null}},"36":{"start":{"line":111,"column":34},"end":{"line":111,"column":53}},"37":{"start":{"line":120,"column":2},"end":{"line":120,"column":null}},"38":{"start":{"line":130,"column":2},"end":{"line":130,"column":null}},"39":{"start":{"line":130,"column":32},"end":{"line":130,"column":null}},"40":{"start":{"line":131,"column":2},"end":{"line":140,"column":null}},"41":{"start":{"line":132,"column":16},"end":{"line":132,"column":null}},"42":{"start":{"line":133,"column":21},"end":{"line":133,"column":null}},"43":{"start":{"line":134,"column":4},"end":{"line":134,"column":null}},"44":{"start":{"line":134,"column":34},"end":{"line":134,"column":null}},"45":{"start":{"line":135,"column":18},"end":{"line":135,"column":null}},"46":{"start":{"line":136,"column":17},"end":{"line":136,"column":null}},"47":{"start":{"line":136,"column":61},"end":{"line":136,"column":80}},"48":{"start":{"line":137,"column":4},"end":{"line":137,"column":null}},"49":{"start":{"line":139,"column":4},"end":{"line":139,"column":null}},"50":{"start":{"line":149,"column":2},"end":{"line":159,"column":null}},"51":{"start":{"line":150,"column":24},"end":{"line":150,"column":null}},"52":{"start":{"line":152,"column":16},"end":{"line":152,"column":null}},"53":{"start":{"line":153,"column":4},"end":{"line":155,"column":null}},"54":{"start":{"line":154,"column":6},"end":{"line":154,"column":null}},"55":{"start":{"line":156,"column":4},"end":{"line":156,"column":null}},"56":{"start":{"line":157,"column":4},"end":{"line":157,"column":null}},"57":{"start":{"line":158,"column":4},"end":{"line":158,"column":null}},"58":{"start":{"line":160,"column":14},"end":{"line":160,"column":null}},"59":{"start":{"line":161,"column":17},"end":{"line":161,"column":null}},"60":{"start":{"line":163,"column":2},"end":{"line":163,"column":null}},"61":{"start":{"line":163,"column":23},"end":{"line":163,"column":null}},"62":{"start":{"line":164,"column":2},"end":{"line":164,"column":null}},"63":{"start":{"line":164,"column":23},"end":{"line":164,"column":null}},"64":{"start":{"line":165,"column":2},"end":{"line":165,"column":null}},"65":{"start":{"line":165,"column":25},"end":{"line":165,"column":null}},"66":{"start":{"line":166,"column":2},"end":{"line":166,"column":null}},"67":{"start":{"line":166,"column":23},"end":{"line":166,"column":null}},"68":{"start":{"line":167,"column":2},"end":{"line":167,"column":null}},"69":{"start":{"line":177,"column":15},"end":{"line":177,"column":null}},"70":{"start":{"line":180,"column":31},"end":{"line":180,"column":null}},"71":{"start":{"line":181,"column":2},"end":{"line":188,"column":null}},"72":{"start":{"line":182,"column":20},"end":{"line":182,"column":null}},"73":{"start":{"line":183,"column":4},"end":{"line":187,"column":null}},"74":{"start":{"line":184,"column":6},"end":{"line":186,"column":null}},"75":{"start":{"line":185,"column":8},"end":{"line":185,"column":null}},"76":{"start":{"line":191,"column":29},"end":{"line":191,"column":null}},"77":{"start":{"line":192,"column":2},"end":{"line":196,"column":null}},"78":{"start":{"line":193,"column":4},"end":{"line":195,"column":null}},"79":{"start":{"line":194,"column":6},"end":{"line":194,"column":null}},"80":{"start":{"line":199,"column":53},"end":{"line":199,"column":null}},"81":{"start":{"line":200,"column":2},"end":{"line":229,"column":null}},"82":{"start":{"line":201,"column":23},"end":{"line":201,"column":null}},"83":{"start":{"line":202,"column":21},"end":{"line":202,"column":null}},"84":{"start":{"line":203,"column":21},"end":{"line":203,"column":null}},"85":{"start":{"line":205,"column":43},"end":{"line":213,"column":null}},"86":{"start":{"line":216,"column":21},"end":{"line":216,"column":null}},"87":{"start":{"line":217,"column":4},"end":{"line":217,"column":null}},"88":{"start":{"line":218,"column":4},"end":{"line":218,"column":null}},"89":{"start":{"line":221,"column":4},"end":{"line":223,"column":null}},"90":{"start":{"line":222,"column":6},"end":{"line":222,"column":null}},"91":{"start":{"line":224,"column":4},"end":{"line":226,"column":null}},"92":{"start":{"line":225,"column":6},"end":{"line":225,"column":null}},"93":{"start":{"line":228,"column":4},"end":{"line":228,"column":null}},"94":{"start":{"line":231,"column":2},"end":{"line":231,"column":null}},"95":{"start":{"line":234,"column":32},"end":{"line":234,"column":null}},"96":{"start":{"line":235,"column":2},"end":{"line":242,"column":null}},"97":{"start":{"line":236,"column":20},"end":{"line":236,"column":null}},"98":{"start":{"line":237,"column":4},"end":{"line":241,"column":null}},"99":{"start":{"line":238,"column":6},"end":{"line":240,"column":null}},"100":{"start":{"line":239,"column":8},"end":{"line":239,"column":null}},"101":{"start":{"line":245,"column":29},"end":{"line":245,"column":null}},"102":{"start":{"line":246,"column":2},"end":{"line":250,"column":null}},"103":{"start":{"line":247,"column":4},"end":{"line":249,"column":null}},"104":{"start":{"line":248,"column":6},"end":{"line":248,"column":null}},"105":{"start":{"line":253,"column":53},"end":{"line":253,"column":null}},"106":{"start":{"line":254,"column":2},"end":{"line":290,"column":null}},"107":{"start":{"line":255,"column":23},"end":{"line":255,"column":null}},"108":{"start":{"line":256,"column":24},"end":{"line":256,"column":null}},"109":{"start":{"line":257,"column":21},"end":{"line":257,"column":null}},"110":{"start":{"line":258,"column":21},"end":{"line":258,"column":null}},"111":{"start":{"line":260,"column":27},"end":{"line":260,"column":null}},"112":{"start":{"line":262,"column":43},"end":{"line":270,"column":null}},"113":{"start":{"line":273,"column":21},"end":{"line":273,"column":null}},"114":{"start":{"line":274,"column":4},"end":{"line":274,"column":null}},"115":{"start":{"line":277,"column":4},"end":{"line":281,"column":null}},"116":{"start":{"line":278,"column":6},"end":{"line":278,"column":null}},"117":{"start":{"line":279,"column":4},"end":{"line":281,"column":null}},"118":{"start":{"line":280,"column":6},"end":{"line":280,"column":null}},"119":{"start":{"line":283,"column":4},"end":{"line":287,"column":null}},"120":{"start":{"line":284,"column":6},"end":{"line":284,"column":null}},"121":{"start":{"line":285,"column":4},"end":{"line":287,"column":null}},"122":{"start":{"line":286,"column":6},"end":{"line":286,"column":null}},"123":{"start":{"line":289,"column":4},"end":{"line":289,"column":null}},"124":{"start":{"line":292,"column":2},"end":{"line":292,"column":null}},"125":{"start":{"line":295,"column":14},"end":{"line":295,"column":null}},"126":{"start":{"line":296,"column":2},"end":{"line":298,"column":null}},"127":{"start":{"line":297,"column":4},"end":{"line":297,"column":null}},"128":{"start":{"line":299,"column":2},"end":{"line":299,"column":null}},"129":{"start":{"line":300,"column":2},"end":{"line":300,"column":null}},"130":{"start":{"line":302,"column":2},"end":{"line":302,"column":null}}},"fnMap":{"0":{"name":"toRelativePath","decl":{"start":{"line":28,"column":16},"end":{"line":28,"column":31}},"loc":{"start":{"line":28,"column":61},"end":{"line":31,"column":null}},"line":28},"1":{"name":"formatRelativeTime","decl":{"start":{"line":64,"column":16},"end":{"line":64,"column":35}},"loc":{"start":{"line":64,"column":60},"end":{"line":74,"column":null}},"line":64},"2":{"name":"validateChangeName","decl":{"start":{"line":81,"column":16},"end":{"line":81,"column":35}},"loc":{"start":{"line":81,"column":85},"end":{"line":86,"column":null}},"line":81},"3":{"name":"buildArtifacts","decl":{"start":{"line":94,"column":16},"end":{"line":94,"column":31}},"loc":{"start":{"line":94,"column":91},"end":{"line":112,"column":null}},"line":94},"4":{"name":"(anonymous_4)","decl":{"start":{"line":96,"column":9},"end":{"line":96,"column":10}},"loc":{"start":{"line":96,"column":17},"end":{"line":101,"column":5}},"line":96},"5":{"name":"(anonymous_5)","decl":{"start":{"line":102,"column":12},"end":{"line":102,"column":13}},"loc":{"start":{"line":102,"column":34},"end":{"line":110,"column":5}},"line":102},"6":{"name":"(anonymous_6)","decl":{"start":{"line":111,"column":9},"end":{"line":111,"column":10}},"loc":{"start":{"line":111,"column":34},"end":{"line":111,"column":53}},"line":111},"7":{"name":"extractArchiveName","decl":{"start":{"line":119,"column":16},"end":{"line":119,"column":35}},"loc":{"start":{"line":119,"column":60},"end":{"line":121,"column":null}},"line":119},"8":{"name":"computeProgress","decl":{"start":{"line":129,"column":16},"end":{"line":129,"column":32}},"loc":{"start":{"line":129,"column":86},"end":{"line":141,"column":null}},"line":129},"9":{"name":"(anonymous_9)","decl":{"start":{"line":136,"column":33},"end":{"line":136,"column":34}},"loc":{"start":{"line":136,"column":61},"end":{"line":136,"column":80}},"line":136},"10":{"name":"loadOrCreateChangesJson","decl":{"start":{"line":148,"column":16},"end":{"line":148,"column":164}},"loc":{"start":{"line":148,"column":164},"end":{"line":168,"column":null}},"line":148},"11":{"name":"syncChangesJson","decl":{"start":{"line":176,"column":16},"end":{"line":176,"column":156}},"loc":{"start":{"line":176,"column":156},"end":{"line":303,"column":null}},"line":176}},"branchMap":{"0":{"loc":{"start":{"line":69,"column":2},"end":{"line":69,"column":null}},"type":"if","locations":[{"start":{"line":69,"column":2},"end":{"line":69,"column":null}},{"start":{},"end":{}}],"line":69},"1":{"loc":{"start":{"line":70,"column":2},"end":{"line":70,"column":null}},"type":"if","locations":[{"start":{"line":70,"column":2},"end":{"line":70,"column":null}},{"start":{},"end":{}}],"line":70},"2":{"loc":{"start":{"line":71,"column":2},"end":{"line":71,"column":null}},"type":"if","locations":[{"start":{"line":71,"column":2},"end":{"line":71,"column":null}},{"start":{},"end":{}}],"line":71},"3":{"loc":{"start":{"line":72,"column":2},"end":{"line":72,"column":null}},"type":"if","locations":[{"start":{"line":72,"column":2},"end":{"line":72,"column":null}},{"start":{},"end":{}}],"line":72},"4":{"loc":{"start":{"line":82,"column":2},"end":{"line":84,"column":null}},"type":"if","locations":[{"start":{"line":82,"column":2},"end":{"line":84,"column":null}},{"start":{},"end":{}}],"line":82},"5":{"loc":{"start":{"line":97,"column":23},"end":{"line":97,"column":null}},"type":"cond-expr","locations":[{"start":{"line":97,"column":40},"end":{"line":97,"column":76}},{"start":{"line":97,"column":76},"end":{"line":97,"column":null}}],"line":97},"6":{"loc":{"start":{"line":103,"column":6},"end":{"line":107,"column":null}},"type":"if","locations":[{"start":{"line":103,"column":6},"end":{"line":107,"column":null}},{"start":{},"end":{}}],"line":103},"7":{"loc":{"start":{"line":130,"column":2},"end":{"line":130,"column":null}},"type":"if","locations":[{"start":{"line":130,"column":2},"end":{"line":130,"column":null}},{"start":{},"end":{}}],"line":130},"8":{"loc":{"start":{"line":134,"column":4},"end":{"line":134,"column":null}},"type":"if","locations":[{"start":{"line":134,"column":4},"end":{"line":134,"column":null}},{"start":{},"end":{}}],"line":134},"9":{"loc":{"start":{"line":149,"column":2},"end":{"line":159,"column":null}},"type":"if","locations":[{"start":{"line":149,"column":2},"end":{"line":159,"column":null}},{"start":{},"end":{}}],"line":149},"10":{"loc":{"start":{"line":153,"column":4},"end":{"line":155,"column":null}},"type":"if","locations":[{"start":{"line":153,"column":4},"end":{"line":155,"column":null}},{"start":{},"end":{}}],"line":153},"11":{"loc":{"start":{"line":163,"column":2},"end":{"line":163,"column":null}},"type":"if","locations":[{"start":{"line":163,"column":2},"end":{"line":163,"column":null}},{"start":{},"end":{}}],"line":163},"12":{"loc":{"start":{"line":164,"column":2},"end":{"line":164,"column":null}},"type":"if","locations":[{"start":{"line":164,"column":2},"end":{"line":164,"column":null}},{"start":{},"end":{}}],"line":164},"13":{"loc":{"start":{"line":165,"column":2},"end":{"line":165,"column":null}},"type":"if","locations":[{"start":{"line":165,"column":2},"end":{"line":165,"column":null}},{"start":{},"end":{}}],"line":165},"14":{"loc":{"start":{"line":166,"column":2},"end":{"line":166,"column":null}},"type":"if","locations":[{"start":{"line":166,"column":2},"end":{"line":166,"column":null}},{"start":{},"end":{}}],"line":166},"15":{"loc":{"start":{"line":181,"column":2},"end":{"line":188,"column":null}},"type":"if","locations":[{"start":{"line":181,"column":2},"end":{"line":188,"column":null}},{"start":{},"end":{}}],"line":181},"16":{"loc":{"start":{"line":184,"column":6},"end":{"line":186,"column":null}},"type":"if","locations":[{"start":{"line":184,"column":6},"end":{"line":186,"column":null}},{"start":{},"end":{}}],"line":184},"17":{"loc":{"start":{"line":184,"column":10},"end":{"line":184,"column":90}},"type":"binary-expr","locations":[{"start":{"line":184,"column":10},"end":{"line":184,"column":33}},{"start":{"line":184,"column":33},"end":{"line":184,"column":61}},{"start":{"line":184,"column":61},"end":{"line":184,"column":90}}],"line":184},"18":{"loc":{"start":{"line":193,"column":4},"end":{"line":195,"column":null}},"type":"if","locations":[{"start":{"line":193,"column":4},"end":{"line":195,"column":null}},{"start":{},"end":{}}],"line":193},"19":{"loc":{"start":{"line":193,"column":8},"end":{"line":193,"column":48}},"type":"binary-expr","locations":[{"start":{"line":193,"column":8},"end":{"line":193,"column":19}},{"start":{"line":193,"column":19},"end":{"line":193,"column":48}}],"line":193},"20":{"loc":{"start":{"line":208,"column":20},"end":{"line":208,"column":null}},"type":"binary-expr","locations":[{"start":{"line":208,"column":20},"end":{"line":208,"column":56}},{"start":{"line":208,"column":56},"end":{"line":208,"column":null}}],"line":208},"21":{"loc":{"start":{"line":209,"column":18},"end":{"line":209,"column":null}},"type":"binary-expr","locations":[{"start":{"line":209,"column":18},"end":{"line":209,"column":52}},{"start":{"line":209,"column":28},"end":{"line":209,"column":null}}],"line":209},"22":{"loc":{"start":{"line":221,"column":4},"end":{"line":223,"column":null}},"type":"if","locations":[{"start":{"line":221,"column":4},"end":{"line":223,"column":null}},{"start":{},"end":{}}],"line":221},"23":{"loc":{"start":{"line":224,"column":4},"end":{"line":226,"column":null}},"type":"if","locations":[{"start":{"line":224,"column":4},"end":{"line":226,"column":null}},{"start":{},"end":{}}],"line":224},"24":{"loc":{"start":{"line":235,"column":2},"end":{"line":242,"column":null}},"type":"if","locations":[{"start":{"line":235,"column":2},"end":{"line":242,"column":null}},{"start":{},"end":{}}],"line":235},"25":{"loc":{"start":{"line":238,"column":6},"end":{"line":240,"column":null}},"type":"if","locations":[{"start":{"line":238,"column":6},"end":{"line":240,"column":null}},{"start":{},"end":{}}],"line":238},"26":{"loc":{"start":{"line":238,"column":10},"end":{"line":238,"column":62}},"type":"binary-expr","locations":[{"start":{"line":238,"column":10},"end":{"line":238,"column":33}},{"start":{"line":238,"column":33},"end":{"line":238,"column":62}}],"line":238},"27":{"loc":{"start":{"line":247,"column":4},"end":{"line":249,"column":null}},"type":"if","locations":[{"start":{"line":247,"column":4},"end":{"line":249,"column":null}},{"start":{},"end":{}}],"line":247},"28":{"loc":{"start":{"line":247,"column":8},"end":{"line":247,"column":52}},"type":"binary-expr","locations":[{"start":{"line":247,"column":8},"end":{"line":247,"column":21}},{"start":{"line":247,"column":21},"end":{"line":247,"column":52}}],"line":247},"29":{"loc":{"start":{"line":265,"column":20},"end":{"line":265,"column":null}},"type":"binary-expr","locations":[{"start":{"line":265,"column":20},"end":{"line":265,"column":45}},{"start":{"line":265,"column":45},"end":{"line":265,"column":76}},{"start":{"line":265,"column":76},"end":{"line":265,"column":null}}],"line":265},"30":{"loc":{"start":{"line":266,"column":18},"end":{"line":266,"column":null}},"type":"binary-expr","locations":[{"start":{"line":266,"column":18},"end":{"line":266,"column":41}},{"start":{"line":266,"column":41},"end":{"line":266,"column":81}},{"start":{"line":266,"column":57},"end":{"line":266,"column":null}}],"line":266},"31":{"loc":{"start":{"line":267,"column":17},"end":{"line":267,"column":null}},"type":"binary-expr","locations":[{"start":{"line":267,"column":17},"end":{"line":267,"column":50}},{"start":{"line":267,"column":27},"end":{"line":267,"column":null}}],"line":267},"32":{"loc":{"start":{"line":277,"column":4},"end":{"line":281,"column":null}},"type":"if","locations":[{"start":{"line":277,"column":4},"end":{"line":281,"column":null}},{"start":{"line":279,"column":4},"end":{"line":281,"column":null}}],"line":277},"33":{"loc":{"start":{"line":279,"column":4},"end":{"line":281,"column":null}},"type":"if","locations":[{"start":{"line":279,"column":4},"end":{"line":281,"column":null}},{"start":{},"end":{}}],"line":279},"34":{"loc":{"start":{"line":283,"column":4},"end":{"line":287,"column":null}},"type":"if","locations":[{"start":{"line":283,"column":4},"end":{"line":287,"column":null}},{"start":{"line":285,"column":4},"end":{"line":287,"column":null}}],"line":283},"35":{"loc":{"start":{"line":285,"column":4},"end":{"line":287,"column":null}},"type":"if","locations":[{"start":{"line":285,"column":4},"end":{"line":287,"column":null}},{"start":{},"end":{}}],"line":285},"36":{"loc":{"start":{"line":296,"column":2},"end":{"line":298,"column":null}},"type":"if","locations":[{"start":{"line":296,"column":2},"end":{"line":298,"column":null}},{"start":{},"end":{}}],"line":296}},"s":{"0":1,"1":1,"2":1,"3":1,"4":1,"5":72,"6":72,"7":1,"8":1,"9":1,"10":1,"11":0,"12":0,"13":0,"14":0,"15":0,"16":0,"17":0,"18":0,"19":0,"20":0,"21":0,"22":0,"23":0,"24":0,"25":0,"26":0,"27":11,"28":66,"29":66,"30":66,"31":66,"32":66,"33":11,"34":11,"35":55,"36":26,"37":1,"38":6,"39":5,"40":1,"41":1,"42":1,"43":1,"44":0,"45":1,"46":1,"47":2,"48":1,"49":0,"50":7,"51":7,"52":7,"53":7,"54":0,"55":7,"56":7,"57":7,"58":0,"59":0,"60":0,"61":0,"62":0,"63":0,"64":0,"65":0,"66":0,"67":0,"68":0,"69":7,"70":7,"71":7,"72":7,"73":7,"74":12,"75":5,"76":7,"77":7,"78":0,"79":0,"80":7,"81":7,"82":5,"83":5,"84":5,"85":5,"86":5,"87":5,"88":5,"89":5,"90":0,"91":5,"92":0,"93":5,"94":7,"95":7,"96":7,"97":6,"98":6,"99":1,"100":1,"101":7,"102":7,"103":0,"104":0,"105":7,"106":7,"107":1,"108":1,"109":1,"110":1,"111":1,"112":1,"113":1,"114":1,"115":1,"116":0,"117":1,"118":0,"119":1,"120":0,"121":1,"122":0,"123":1,"124":7,"125":7,"126":7,"127":0,"128":7,"129":7,"130":7},"f":{"0":72,"1":0,"2":0,"3":11,"4":66,"5":66,"6":26,"7":1,"8":6,"9":2,"10":7,"11":7},"b":{"0":[0,0],"1":[0,0],"2":[0,0],"3":[0,0],"4":[0,0],"5":[11,55],"6":[11,55],"7":[5,1],"8":[0,1],"9":[7,0],"10":[0,7],"11":[0,0],"12":[0,0],"13":[0,0],"14":[0,0],"15":[7,0],"16":[5,7],"17":[12,12,5],"18":[0,0],"19":[0,0],"20":[5,5],"21":[5,5],"22":[0,5],"23":[0,5],"24":[6,1],"25":[1,0],"26":[1,1],"27":[0,0],"28":[0,0],"29":[1,1,1],"30":[1,1,1],"31":[1,1],"32":[0,1],"33":[0,1],"34":[0,1],"35":[0,1],"36":[0,7]},"meta":{"lastBranch":37,"lastFunction":12,"lastStatement":131,"seen":{"s:13:16:13:Infinity":0,"s:14:12:14:Infinity":1,"s:17:20:17:Infinity":2,"s:18:20:18:Infinity":3,"s:19:26:19:Infinity":4,"f:28:16:28:31":0,"s:29:19:29:Infinity":5,"s:30:2:30:Infinity":6,"s:34:29:39:Infinity":7,"s:42:21:42:Infinity":8,"s:45:19:45:Infinity":9,"s:48:52:55:Infinity":10,"f:64:16:64:35":1,"s:65:17:65:Infinity":11,"s:66:15:66:Infinity":12,"s:67:16:67:Infinity":13,"s:68:15:68:Infinity":14,"b:69:2:69:Infinity:undefined:undefined:undefined:undefined":0,"s:69:2:69:Infinity":15,"s:69:17:69:Infinity":16,"b:70:2:70:Infinity:undefined:undefined:undefined:undefined":1,"s:70:2:70:Infinity":17,"s:70:16:70:Infinity":18,"b:71:2:71:Infinity:undefined:undefined:undefined:undefined":2,"s:71:2:71:Infinity":19,"s:71:17:71:Infinity":20,"b:72:2:72:Infinity:undefined:undefined:undefined:undefined":3,"s:72:2:72:Infinity":21,"s:72:16:72:Infinity":22,"s:73:2:73:Infinity":23,"f:81:16:81:35":2,"b:82:2:84:Infinity:undefined:undefined:undefined:undefined":4,"s:82:2:84:Infinity":24,"s:83:4:83:Infinity":25,"s:85:2:85:Infinity":26,"f:94:16:94:31":3,"s:95:2:111:Infinity":27,"f:96:9:96:10":4,"s:97:23:97:Infinity":28,"b:97:40:97:76:97:76:97:Infinity":5,"s:98:23:98:Infinity":29,"s:99:25:99:Infinity":30,"s:100:6:100:Infinity":31,"f:102:12:102:13":5,"b:103:6:107:Infinity:undefined:undefined:undefined:undefined":6,"s:103:6:107:Infinity":32,"s:105:25:105:Infinity":33,"s:106:8:106:Infinity":34,"s:109:6:109:Infinity":35,"f:111:9:111:10":6,"s:111:34:111:53":36,"f:119:16:119:35":7,"s:120:2:120:Infinity":37,"f:129:16:129:32":8,"b:130:2:130:Infinity:undefined:undefined:undefined:undefined":7,"s:130:2:130:Infinity":38,"s:130:32:130:Infinity":39,"s:131:2:140:Infinity":40,"s:132:16:132:Infinity":41,"s:133:21:133:Infinity":42,"b:134:4:134:Infinity:undefined:undefined:undefined:undefined":8,"s:134:4:134:Infinity":43,"s:134:34:134:Infinity":44,"s:135:18:135:Infinity":45,"s:136:17:136:Infinity":46,"f:136:33:136:34":9,"s:136:61:136:80":47,"s:137:4:137:Infinity":48,"s:139:4:139:Infinity":49,"f:148:16:148:164":10,"b:149:2:159:Infinity:undefined:undefined:undefined:undefined":9,"s:149:2:159:Infinity":50,"s:150:24:150:Infinity":51,"s:152:16:152:Infinity":52,"b:153:4:155:Infinity:undefined:undefined:undefined:undefined":10,"s:153:4:155:Infinity":53,"s:154:6:154:Infinity":54,"s:156:4:156:Infinity":55,"s:157:4:157:Infinity":56,"s:158:4:158:Infinity":57,"s:160:14:160:Infinity":58,"s:161:17:161:Infinity":59,"b:163:2:163:Infinity:undefined:undefined:undefined:undefined":11,"s:163:2:163:Infinity":60,"s:163:23:163:Infinity":61,"b:164:2:164:Infinity:undefined:undefined:undefined:undefined":12,"s:164:2:164:Infinity":62,"s:164:23:164:Infinity":63,"b:165:2:165:Infinity:undefined:undefined:undefined:undefined":13,"s:165:2:165:Infinity":64,"s:165:25:165:Infinity":65,"b:166:2:166:Infinity:undefined:undefined:undefined:undefined":14,"s:166:2:166:Infinity":66,"s:166:23:166:Infinity":67,"s:167:2:167:Infinity":68,"f:176:16:176:156":11,"s:177:15:177:Infinity":69,"s:180:31:180:Infinity":70,"b:181:2:188:Infinity:undefined:undefined:undefined:undefined":15,"s:181:2:188:Infinity":71,"s:182:20:182:Infinity":72,"s:183:4:187:Infinity":73,"b:184:6:186:Infinity:undefined:undefined:undefined:undefined":16,"s:184:6:186:Infinity":74,"b:184:10:184:33:184:33:184:61:184:61:184:90":17,"s:185:8:185:Infinity":75,"s:191:29:191:Infinity":76,"s:192:2:196:Infinity":77,"b:193:4:195:Infinity:undefined:undefined:undefined:undefined":18,"s:193:4:195:Infinity":78,"b:193:8:193:19:193:19:193:48":19,"s:194:6:194:Infinity":79,"s:199:53:199:Infinity":80,"s:200:2:229:Infinity":81,"s:201:23:201:Infinity":82,"s:202:21:202:Infinity":83,"s:203:21:203:Infinity":84,"s:205:43:213:Infinity":85,"b:208:20:208:56:208:56:208:Infinity":20,"b:209:18:209:52:209:28:209:Infinity":21,"s:216:21:216:Infinity":86,"s:217:4:217:Infinity":87,"s:218:4:218:Infinity":88,"b:221:4:223:Infinity:undefined:undefined:undefined:undefined":22,"s:221:4:223:Infinity":89,"s:222:6:222:Infinity":90,"b:224:4:226:Infinity:undefined:undefined:undefined:undefined":23,"s:224:4:226:Infinity":91,"s:225:6:225:Infinity":92,"s:228:4:228:Infinity":93,"s:231:2:231:Infinity":94,"s:234:32:234:Infinity":95,"b:235:2:242:Infinity:undefined:undefined:undefined:undefined":24,"s:235:2:242:Infinity":96,"s:236:20:236:Infinity":97,"s:237:4:241:Infinity":98,"b:238:6:240:Infinity:undefined:undefined:undefined:undefined":25,"s:238:6:240:Infinity":99,"b:238:10:238:33:238:33:238:62":26,"s:239:8:239:Infinity":100,"s:245:29:245:Infinity":101,"s:246:2:250:Infinity":102,"b:247:4:249:Infinity:undefined:undefined:undefined:undefined":27,"s:247:4:249:Infinity":103,"b:247:8:247:21:247:21:247:52":28,"s:248:6:248:Infinity":104,"s:253:53:253:Infinity":105,"s:254:2:290:Infinity":106,"s:255:23:255:Infinity":107,"s:256:24:256:Infinity":108,"s:257:21:257:Infinity":109,"s:258:21:258:Infinity":110,"s:260:27:260:Infinity":111,"s:262:43:270:Infinity":112,"b:265:20:265:45:265:45:265:76:265:76:265:Infinity":29,"b:266:18:266:41:266:41:266:81:266:57:266:Infinity":30,"b:267:17:267:50:267:27:267:Infinity":31,"s:273:21:273:Infinity":113,"s:274:4:274:Infinity":114,"b:277:4:281:Infinity:279:4:281:Infinity":32,"s:277:4:281:Infinity":115,"s:278:6:278:Infinity":116,"b:279:4:281:Infinity:undefined:undefined:undefined:undefined":33,"s:279:4:281:Infinity":117,"s:280:6:280:Infinity":118,"b:283:4:287:Infinity:285:4:287:Infinity":34,"s:283:4:287:Infinity":119,"s:284:6:284:Infinity":120,"b:285:4:287:Infinity:undefined:undefined:undefined:undefined":35,"s:285:4:287:Infinity":121,"s:286:6:286:Infinity":122,"s:289:4:289:Infinity":123,"s:292:2:292:Infinity":124,"s:295:14:295:Infinity":125,"b:296:2:298:Infinity:undefined:undefined:undefined:undefined":36,"s:296:2:298:Infinity":126,"s:297:4:297:Infinity":127,"s:299:2:299:Infinity":128,"s:300:2:300:Infinity":129,"s:302:2:302:Infinity":130}}}
,"D:\\project-code\\llm\\openpowers\\src\\commands\\change\\status.ts": {"path":"D:\\project-code\\llm\\openpowers\\src\\commands\\change\\status.ts","statementMap":{"0":{"start":{"line":14,"column":23},"end":{"line":14,"column":null}},"1":{"start":{"line":23,"column":2},"end":{"line":31,"column":null}},"2":{"start":{"line":24,"column":16},"end":{"line":24,"column":null}},"3":{"start":{"line":25,"column":21},"end":{"line":25,"column":null}},"4":{"start":{"line":26,"column":4},"end":{"line":26,"column":null}},"5":{"start":{"line":26,"column":34},"end":{"line":26,"column":null}},"6":{"start":{"line":27,"column":4},"end":{"line":27,"column":null}},"7":{"start":{"line":27,"column":31},"end":{"line":27,"column":null}},"8":{"start":{"line":28,"column":4},"end":{"line":28,"column":null}},"9":{"start":{"line":28,"column":54},"end":{"line":28,"column":73}},"10":{"start":{"line":30,"column":4},"end":{"line":30,"column":null}},"11":{"start":{"line":45,"column":27},"end":{"line":45,"column":null}},"12":{"start":{"line":46,"column":25},"end":{"line":46,"column":null}},"13":{"start":{"line":47,"column":19},"end":{"line":47,"column":null}},"14":{"start":{"line":48,"column":8},"end":{"line":59,"column":null}},"15":{"start":{"line":50,"column":4},"end":{"line":50,"column":null}},"16":{"start":{"line":50,"column":34},"end":{"line":50,"column":null}},"17":{"start":{"line":51,"column":17},"end":{"line":57,"column":null}},"18":{"start":{"line":52,"column":22},"end":{"line":52,"column":null}},"19":{"start":{"line":53,"column":6},"end":{"line":56,"column":null}},"20":{"start":{"line":54,"column":21},"end":{"line":54,"column":null}},"21":{"start":{"line":55,"column":8},"end":{"line":55,"column":null}},"22":{"start":{"line":58,"column":4},"end":{"line":58,"column":null}},"23":{"start":{"line":65,"column":2},"end":{"line":81,"column":null}},"24":{"start":{"line":66,"column":4},"end":{"line":66,"column":null}},"25":{"start":{"line":67,"column":4},"end":{"line":67,"column":null}},"26":{"start":{"line":68,"column":4},"end":{"line":68,"column":null}},"27":{"start":{"line":69,"column":2},"end":{"line":81,"column":null}},"28":{"start":{"line":70,"column":4},"end":{"line":70,"column":null}},"29":{"start":{"line":71,"column":4},"end":{"line":71,"column":null}},"30":{"start":{"line":72,"column":4},"end":{"line":72,"column":null}},"31":{"start":{"line":73,"column":2},"end":{"line":81,"column":null}},"32":{"start":{"line":74,"column":4},"end":{"line":74,"column":null}},"33":{"start":{"line":75,"column":4},"end":{"line":75,"column":null}},"34":{"start":{"line":76,"column":4},"end":{"line":76,"column":null}},"35":{"start":{"line":78,"column":4},"end":{"line":78,"column":null}},"36":{"start":{"line":79,"column":4},"end":{"line":79,"column":null}},"37":{"start":{"line":80,"column":4},"end":{"line":80,"column":null}},"38":{"start":{"line":83,"column":48},"end":{"line":87,"column":null}},"39":{"start":{"line":90,"column":8},"end":{"line":90,"column":null}},"40":{"start":{"line":93,"column":77},"end":{"line":96,"column":null}},"41":{"start":{"line":94,"column":21},"end":{"line":94,"column":null}},"42":{"start":{"line":95,"column":4},"end":{"line":95,"column":null}},"43":{"start":{"line":99,"column":2},"end":{"line":107,"column":null}},"44":{"start":{"line":100,"column":4},"end":{"line":106,"column":null}},"45":{"start":{"line":101,"column":23},"end":{"line":101,"column":null}},"46":{"start":{"line":102,"column":29},"end":{"line":104,"column":null}},"47":{"start":{"line":105,"column":6},"end":{"line":105,"column":null}},"48":{"start":{"line":109,"column":2},"end":{"line":109,"column":null}},"49":{"start":{"line":123,"column":8},"end":{"line":123,"column":null}},"50":{"start":{"line":126,"column":15},"end":{"line":126,"column":null}},"51":{"start":{"line":127,"column":14},"end":{"line":127,"column":null}},"52":{"start":{"line":127,"column":39},"end":{"line":127,"column":54}},"53":{"start":{"line":128,"column":2},"end":{"line":131,"column":null}},"54":{"start":{"line":129,"column":4},"end":{"line":129,"column":null}},"55":{"start":{"line":129,"column":37},"end":{"line":129,"column":52}},"56":{"start":{"line":130,"column":4},"end":{"line":130,"column":null}},"57":{"start":{"line":133,"column":2},"end":{"line":136,"column":null}},"58":{"start":{"line":134,"column":4},"end":{"line":134,"column":null}},"59":{"start":{"line":135,"column":4},"end":{"line":135,"column":null}},"60":{"start":{"line":138,"column":2},"end":{"line":138,"column":null}},"61":{"start":{"line":141,"column":24},"end":{"line":141,"column":null}},"62":{"start":{"line":142,"column":20},"end":{"line":142,"column":null}},"63":{"start":{"line":145,"column":25},"end":{"line":148,"column":null}},"64":{"start":{"line":146,"column":21},"end":{"line":146,"column":null}},"65":{"start":{"line":146,"column":43},"end":{"line":146,"column":54}},"66":{"start":{"line":147,"column":4},"end":{"line":147,"column":null}},"67":{"start":{"line":150,"column":17},"end":{"line":155,"column":null}},"68":{"start":{"line":157,"column":2},"end":{"line":157,"column":null}}},"fnMap":{"0":{"name":"computePlanStatus","decl":{"start":{"line":22,"column":9},"end":{"line":22,"column":27}},"loc":{"start":{"line":22,"column":53},"end":{"line":32,"column":null}},"line":22},"1":{"name":"(anonymous_1)","decl":{"start":{"line":28,"column":26},"end":{"line":28,"column":27}},"loc":{"start":{"line":28,"column":54},"end":{"line":28,"column":73}},"line":28},"2":{"name":"computeArtifactStatus","decl":{"start":{"line":43,"column":16},"end":{"line":43,"column":38}},"loc":{"start":{"line":43,"column":120},"end":{"line":110,"column":null}},"line":43},"3":{"name":"(anonymous_3)","decl":{"start":{"line":48,"column":22},"end":{"line":48,"column":37}},"loc":{"start":{"line":48,"column":37},"end":{"line":59,"column":5}},"line":48},"4":{"name":"(anonymous_4)","decl":{"start":{"line":51,"column":17},"end":{"line":51,"column":18}},"loc":{"start":{"line":51,"column":43},"end":{"line":57,"column":null}},"line":51},"5":{"name":"(anonymous_5)","decl":{"start":{"line":53,"column":26},"end":{"line":53,"column":27}},"loc":{"start":{"line":53,"column":33},"end":{"line":56,"column":7}},"line":53},"6":{"name":"(anonymous_6)","decl":{"start":{"line":93,"column":96},"end":{"line":93,"column":97}},"loc":{"start":{"line":93,"column":104},"end":{"line":96,"column":3}},"line":93},"7":{"name":"runChangeStatus","decl":{"start":{"line":121,"column":16},"end":{"line":121,"column":32}},"loc":{"start":{"line":121,"column":52},"end":{"line":158,"column":null}},"line":121},"8":{"name":"(anonymous_8)","decl":{"start":{"line":127,"column":32},"end":{"line":127,"column":33}},"loc":{"start":{"line":127,"column":39},"end":{"line":127,"column":54}},"line":127},"9":{"name":"(anonymous_9)","decl":{"start":{"line":129,"column":30},"end":{"line":129,"column":31}},"loc":{"start":{"line":129,"column":37},"end":{"line":129,"column":52}},"line":129},"10":{"name":"(anonymous_10)","decl":{"start":{"line":145,"column":46},"end":{"line":145,"column":47}},"loc":{"start":{"line":145,"column":54},"end":{"line":148,"column":3}},"line":145},"11":{"name":"(anonymous_11)","decl":{"start":{"line":146,"column":36},"end":{"line":146,"column":37}},"loc":{"start":{"line":146,"column":43},"end":{"line":146,"column":54}},"line":146}},"branchMap":{"0":{"loc":{"start":{"line":26,"column":4},"end":{"line":26,"column":null}},"type":"if","locations":[{"start":{"line":26,"column":4},"end":{"line":26,"column":null}},{"start":{},"end":{}}],"line":26},"1":{"loc":{"start":{"line":27,"column":4},"end":{"line":27,"column":null}},"type":"if","locations":[{"start":{"line":27,"column":4},"end":{"line":27,"column":null}},{"start":{},"end":{}}],"line":27},"2":{"loc":{"start":{"line":28,"column":11},"end":{"line":28,"column":null}},"type":"cond-expr","locations":[{"start":{"line":28,"column":77},"end":{"line":28,"column":86}},{"start":{"line":28,"column":86},"end":{"line":28,"column":null}}],"line":28},"3":{"loc":{"start":{"line":50,"column":4},"end":{"line":50,"column":null}},"type":"if","locations":[{"start":{"line":50,"column":4},"end":{"line":50,"column":null}},{"start":{},"end":{}}],"line":50},"4":{"loc":{"start":{"line":55,"column":15},"end":{"line":55,"column":null}},"type":"cond-expr","locations":[{"start":{"line":55,"column":33},"end":{"line":55,"column":46}},{"start":{"line":55,"column":46},"end":{"line":55,"column":null}}],"line":55},"5":{"loc":{"start":{"line":65,"column":2},"end":{"line":81,"column":null}},"type":"if","locations":[{"start":{"line":65,"column":2},"end":{"line":81,"column":null}},{"start":{"line":69,"column":2},"end":{"line":81,"column":null}}],"line":65},"6":{"loc":{"start":{"line":69,"column":2},"end":{"line":81,"column":null}},"type":"if","locations":[{"start":{"line":69,"column":2},"end":{"line":81,"column":null}},{"start":{"line":73,"column":2},"end":{"line":81,"column":null}}],"line":69},"7":{"loc":{"start":{"line":73,"column":2},"end":{"line":81,"column":null}},"type":"if","locations":[{"start":{"line":73,"column":2},"end":{"line":81,"column":null}},{"start":{"line":77,"column":9},"end":{"line":81,"column":null}}],"line":73},"8":{"loc":{"start":{"line":94,"column":21},"end":{"line":94,"column":null}},"type":"cond-expr","locations":[{"start":{"line":94,"column":38},"end":{"line":94,"column":74}},{"start":{"line":94,"column":74},"end":{"line":94,"column":null}}],"line":94},"9":{"loc":{"start":{"line":100,"column":4},"end":{"line":106,"column":null}},"type":"if","locations":[{"start":{"line":100,"column":4},"end":{"line":106,"column":null}},{"start":{},"end":{}}],"line":100},"10":{"loc":{"start":{"line":102,"column":29},"end":{"line":104,"column":null}},"type":"cond-expr","locations":[{"start":{"line":103,"column":10},"end":{"line":103,"column":null}},{"start":{"line":104,"column":10},"end":{"line":104,"column":null}}],"line":102},"11":{"loc":{"start":{"line":128,"column":2},"end":{"line":131,"column":null}},"type":"if","locations":[{"start":{"line":128,"column":2},"end":{"line":131,"column":null}},{"start":{},"end":{}}],"line":128},"12":{"loc":{"start":{"line":133,"column":2},"end":{"line":136,"column":null}},"type":"if","locations":[{"start":{"line":133,"column":2},"end":{"line":136,"column":null}},{"start":{},"end":{}}],"line":133},"13":{"loc":{"start":{"line":147,"column":11},"end":{"line":147,"column":null}},"type":"binary-expr","locations":[{"start":{"line":147,"column":11},"end":{"line":147,"column":23}},{"start":{"line":147,"column":23},"end":{"line":147,"column":null}}],"line":147}},"s":{"0":1,"1":1,"2":1,"3":1,"4":1,"5":0,"6":1,"7":0,"8":1,"9":2,"10":0,"11":5,"12":5,"13":5,"14":5,"15":5,"16":2,"17":3,"18":3,"19":3,"20":3,"21":3,"22":3,"23":5,"24":0,"25":0,"26":0,"27":5,"28":1,"29":1,"30":1,"31":4,"32":1,"33":1,"34":1,"35":3,"36":3,"37":3,"38":5,"39":5,"40":5,"41":15,"42":15,"43":5,"44":13,"45":1,"46":1,"47":1,"48":5,"49":0,"50":0,"51":0,"52":0,"53":0,"54":0,"55":0,"56":0,"57":0,"58":0,"59":0,"60":0,"61":0,"62":0,"63":0,"64":0,"65":0,"66":0,"67":0,"68":0},"f":{"0":1,"1":2,"2":5,"3":5,"4":3,"5":3,"6":15,"7":0,"8":0,"9":0,"10":0,"11":0},"b":{"0":[0,1],"1":[0,1],"2":[0,1],"3":[2,3],"4":[0,3],"5":[0,5],"6":[1,4],"7":[1,3],"8":[5,10],"9":[1,12],"10":[1,0],"11":[0,0],"12":[0,0],"13":[0,0]},"meta":{"lastBranch":14,"lastFunction":12,"lastStatement":69,"seen":{"s:14:23:14:Infinity":0,"f:22:9:22:27":0,"s:23:2:31:Infinity":1,"s:24:16:24:Infinity":2,"s:25:21:25:Infinity":3,"b:26:4:26:Infinity:undefined:undefined:undefined:undefined":0,"s:26:4:26:Infinity":4,"s:26:34:26:Infinity":5,"b:27:4:27:Infinity:undefined:undefined:undefined:undefined":1,"s:27:4:27:Infinity":6,"s:27:31:27:Infinity":7,"s:28:4:28:Infinity":8,"b:28:77:28:86:28:86:28:Infinity":2,"f:28:26:28:27":1,"s:28:54:28:73":9,"s:30:4:30:Infinity":10,"f:43:16:43:38":2,"s:45:27:45:Infinity":11,"s:46:25:46:Infinity":12,"s:47:19:47:Infinity":13,"s:48:8:59:Infinity":14,"f:48:22:48:37":3,"b:50:4:50:Infinity:undefined:undefined:undefined:undefined":3,"s:50:4:50:Infinity":15,"s:50:34:50:Infinity":16,"s:51:17:57:Infinity":17,"f:51:17:51:18":4,"s:52:22:52:Infinity":18,"s:53:6:56:Infinity":19,"f:53:26:53:27":5,"s:54:21:54:Infinity":20,"s:55:8:55:Infinity":21,"b:55:33:55:46:55:46:55:Infinity":4,"s:58:4:58:Infinity":22,"b:65:2:81:Infinity:69:2:81:Infinity":5,"s:65:2:81:Infinity":23,"s:66:4:66:Infinity":24,"s:67:4:67:Infinity":25,"s:68:4:68:Infinity":26,"b:69:2:81:Infinity:73:2:81:Infinity":6,"s:69:2:81:Infinity":27,"s:70:4:70:Infinity":28,"s:71:4:71:Infinity":29,"s:72:4:72:Infinity":30,"b:73:2:81:Infinity:77:9:81:Infinity":7,"s:73:2:81:Infinity":31,"s:74:4:74:Infinity":32,"s:75:4:75:Infinity":33,"s:76:4:76:Infinity":34,"s:78:4:78:Infinity":35,"s:79:4:79:Infinity":36,"s:80:4:80:Infinity":37,"s:83:48:87:Infinity":38,"s:90:8:90:Infinity":39,"s:93:77:96:Infinity":40,"f:93:96:93:97":6,"s:94:21:94:Infinity":41,"b:94:38:94:74:94:74:94:Infinity":8,"s:95:4:95:Infinity":42,"s:99:2:107:Infinity":43,"b:100:4:106:Infinity:undefined:undefined:undefined:undefined":9,"s:100:4:106:Infinity":44,"s:101:23:101:Infinity":45,"s:102:29:104:Infinity":46,"b:103:10:103:Infinity:104:10:104:Infinity":10,"s:105:6:105:Infinity":47,"s:109:2:109:Infinity":48,"f:121:16:121:32":7,"s:123:8:123:Infinity":49,"s:126:15:126:Infinity":50,"s:127:14:127:Infinity":51,"f:127:32:127:33":8,"s:127:39:127:54":52,"b:128:2:131:Infinity:undefined:undefined:undefined:undefined":11,"s:128:2:131:Infinity":53,"s:129:4:129:Infinity":54,"f:129:30:129:31":9,"s:129:37:129:52":55,"s:130:4:130:Infinity":56,"b:133:2:136:Infinity:undefined:undefined:undefined:undefined":12,"s:133:2:136:Infinity":57,"s:134:4:134:Infinity":58,"s:135:4:135:Infinity":59,"s:138:2:138:Infinity":60,"s:141:24:141:Infinity":61,"s:142:20:142:Infinity":62,"s:145:25:148:Infinity":63,"f:145:46:145:47":10,"s:146:21:146:Infinity":64,"f:146:36:146:37":11,"s:146:43:146:54":65,"s:147:4:147:Infinity":66,"b:147:11:147:23:147:23:147:Infinity":13,"s:150:17:155:Infinity":67,"s:157:2:157:Infinity":68}}}
}
